[1.373s] Invoking command in '/media/sns/Study/1_RME/Ros2/ros2_ws/build/double_pendulum_arm': CONDA_PROMPT_MODIFIER=(base) DEBUGINFOD_URLS=https://debuginfod.ubuntu.com PYTHONPATH=/media/sns/Study/1_RME/Ros2/ros2_ws/build/double_pendulum_arm/prefix_override:/usr/lib/python3/dist-packages/colcon_core/task/python/colcon_distutils_commands:/media/sns/Study/1_RME/Ros2/ros2_ws/install/double_pendulum_arm/lib/python3.12/site-packages:${PYTHONPATH} /usr/bin/python3 -W ignore:setup.py install is deprecated -W ignore:easy_install command is deprecated setup.py develop --editable --build-directory /media/sns/Study/1_RME/Ros2/ros2_ws/build/double_pendulum_arm/build --no-deps symlink_data --force
[1.661s] running develop
[1.824s] running egg_info
[1.841s] writing double_pendulum_arm.egg-info/PKG-INFO
[1.842s] writing dependency_links to double_pendulum_arm.egg-info/dependency_links.txt
[1.842s] writing requirements to double_pendulum_arm.egg-info/requires.txt
[1.842s] writing top-level names to double_pendulum_arm.egg-info/top_level.txt
[1.875s] reading manifest file 'double_pendulum_arm.egg-info/SOURCES.txt'
[1.876s] writing manifest file 'double_pendulum_arm.egg-info/SOURCES.txt'
[1.893s] running build_ext
[1.893s] Creating /media/sns/Study/1_RME/Ros2/ros2_ws/install/double_pendulum_arm/lib/python3.12/site-packages/double-pendulum-arm.egg-link (link to .)
[1.893s] 
[1.893s] Installed /media/sns/Study/1_RME/Ros2/ros2_ws/build/double_pendulum_arm
[1.893s] running symlink_data
[1.893s] symbolically linking /media/sns/Study/1_RME/Ros2/ros2_ws/build/double_pendulum_arm/resource/double_pendulum_arm -> /media/sns/Study/1_RME/Ros2/ros2_ws/install/double_pendulum_arm/share/ament_index/resource_index/packages
[1.894s] symbolically linking /media/sns/Study/1_RME/Ros2/ros2_ws/build/double_pendulum_arm/package.xml -> /media/sns/Study/1_RME/Ros2/ros2_ws/install/double_pendulum_arm/share/double_pendulum_arm
[1.894s] symbolically linking /media/sns/Study/1_RME/Ros2/ros2_ws/build/double_pendulum_arm/launch/display.launch.py -> /media/sns/Study/1_RME/Ros2/ros2_ws/install/double_pendulum_arm/share/double_pendulum_arm/launch
[1.894s] symbolically linking /media/sns/Study/1_RME/Ros2/ros2_ws/build/double_pendulum_arm/urdf/robot.urdf.xacro -> /media/sns/Study/1_RME/Ros2/ros2_ws/install/double_pendulum_arm/share/double_pendulum_arm/urdf
[1.894s] symbolically linking /media/sns/Study/1_RME/Ros2/ros2_ws/build/double_pendulum_arm/rviz/view_robot.rviz -> /media/sns/Study/1_RME/Ros2/ros2_ws/install/double_pendulum_arm/share/double_pendulum_arm/rviz
[1.950s] Invoked command in '/media/sns/Study/1_RME/Ros2/ros2_ws/build/double_pendulum_arm' returned '0': CONDA_PROMPT_MODIFIER=(base) DEBUGINFOD_URLS=https://debuginfod.ubuntu.com PYTHONPATH=/media/sns/Study/1_RME/Ros2/ros2_ws/build/double_pendulum_arm/prefix_override:/usr/lib/python3/dist-packages/colcon_core/task/python/colcon_distutils_commands:/media/sns/Study/1_RME/Ros2/ros2_ws/install/double_pendulum_arm/lib/python3.12/site-packages:${PYTHONPATH} /usr/bin/python3 -W ignore:setup.py install is deprecated -W ignore:easy_install command is deprecated setup.py develop --editable --build-directory /media/sns/Study/1_RME/Ros2/ros2_ws/build/double_pendulum_arm/build --no-deps symlink_data --force
