[1.474s] Invoking command in '/media/sns/Study/1_RME/Ros2/ros2_ws/build/my_robot_description': CONDA_PROMPT_MODIFIER=(base) DEBUGINFOD_URLS=https://debuginfod.ubuntu.com PYTHONPATH=/media/sns/Study/1_RME/Ros2/ros2_ws/build/my_robot_description/prefix_override:/usr/lib/python3/dist-packages/colcon_core/task/python/colcon_distutils_commands:/media/sns/Study/1_RME/Ros2/ros2_ws/install/my_robot_description/lib/python3.12/site-packages:${PYTHONPATH} /usr/bin/python3 -W ignore:setup.py install is deprecated -W ignore:easy_install command is deprecated setup.py develop --editable --build-directory /media/sns/Study/1_RME/Ros2/ros2_ws/build/my_robot_description/build --no-deps symlink_data --force
[1.923s] running develop
[2.138s] running egg_info
[2.154s] writing my_robot_description.egg-info/PKG-INFO
[2.154s] writing dependency_links to my_robot_description.egg-info/dependency_links.txt
[2.154s] writing requirements to my_robot_description.egg-info/requires.txt
[2.154s] writing top-level names to my_robot_description.egg-info/top_level.txt
[2.186s] reading manifest file 'my_robot_description.egg-info/SOURCES.txt'
[2.186s] writing manifest file 'my_robot_description.egg-info/SOURCES.txt'
[2.204s] running build_ext
[2.204s] Creating /media/sns/Study/1_RME/Ros2/ros2_ws/install/my_robot_description/lib/python3.12/site-packages/my-robot-description.egg-link (link to .)
[2.204s] 
[2.204s] Installed /media/sns/Study/1_RME/Ros2/ros2_ws/build/my_robot_description
[2.204s] running symlink_data
[2.205s] symbolically linking /media/sns/Study/1_RME/Ros2/ros2_ws/build/my_robot_description/resource/my_robot_description -> /media/sns/Study/1_RME/Ros2/ros2_ws/install/my_robot_description/share/ament_index/resource_index/packages
[2.205s] symbolically linking /media/sns/Study/1_RME/Ros2/ros2_ws/build/my_robot_description/package.xml -> /media/sns/Study/1_RME/Ros2/ros2_ws/install/my_robot_description/share/my_robot_description
[2.205s] symbolically linking /media/sns/Study/1_RME/Ros2/ros2_ws/build/my_robot_description/launch/display.launch.py -> /media/sns/Study/1_RME/Ros2/ros2_ws/install/my_robot_description/share/my_robot_description/launch
[2.205s] symbolically linking /media/sns/Study/1_RME/Ros2/ros2_ws/build/my_robot_description/urdf/robot.urdf.xacro -> /media/sns/Study/1_RME/Ros2/ros2_ws/install/my_robot_description/share/my_robot_description/urdf
[2.205s] symbolically linking /media/sns/Study/1_RME/Ros2/ros2_ws/build/my_robot_description/rviz/view_robot.rviz -> /media/sns/Study/1_RME/Ros2/ros2_ws/install/my_robot_description/share/my_robot_description/rviz
[2.228s] Invoked command in '/media/sns/Study/1_RME/Ros2/ros2_ws/build/my_robot_description' returned '0': CONDA_PROMPT_MODIFIER=(base) DEBUGINFOD_URLS=https://debuginfod.ubuntu.com PYTHONPATH=/media/sns/Study/1_RME/Ros2/ros2_ws/build/my_robot_description/prefix_override:/usr/lib/python3/dist-packages/colcon_core/task/python/colcon_distutils_commands:/media/sns/Study/1_RME/Ros2/ros2_ws/install/my_robot_description/lib/python3.12/site-packages:${PYTHONPATH} /usr/bin/python3 -W ignore:setup.py install is deprecated -W ignore:easy_install command is deprecated setup.py develop --editable --build-directory /media/sns/Study/1_RME/Ros2/ros2_ws/build/my_robot_description/build --no-deps symlink_data --force
