running develop
Removing /media/sns/Study/1_RME/Ros2/ros2_ws/install/my_robot_description/lib/python3.12/site-packages/my-robot-description.egg-link (link to .)
running egg_info
writing ../../build/my_robot_description/my_robot_description.egg-info/PKG-INFO
writing dependency_links to ../../build/my_robot_description/my_robot_description.egg-info/dependency_links.txt
writing requirements to ../../build/my_robot_description/my_robot_description.egg-info/requires.txt
writing top-level names to ../../build/my_robot_description/my_robot_description.egg-info/top_level.txt
reading manifest file '../../build/my_robot_description/my_robot_description.egg-info/SOURCES.txt'
writing manifest file '../../build/my_robot_description/my_robot_description.egg-info/SOURCES.txt'
running build
running build_py
creating /media/sns/Study/1_RME/Ros2/ros2_ws/build/my_robot_description/build
creating /media/sns/Study/1_RME/Ros2/ros2_ws/build/my_robot_description/build/lib
creating /media/sns/Study/1_RME/Ros2/ros2_ws/build/my_robot_description/build/lib/my_robot_description
copying my_robot_description/__init__.py -> /media/sns/Study/1_RME/Ros2/ros2_ws/build/my_robot_description/build/lib/my_robot_description
running install
running install_lib
creating /media/sns/Study/1_RME/Ros2/ros2_ws/install/my_robot_description/lib/python3.12/site-packages/my_robot_description
copying /media/sns/Study/1_RME/Ros2/ros2_ws/build/my_robot_description/build/lib/my_robot_description/__init__.py -> /media/sns/Study/1_RME/Ros2/ros2_ws/install/my_robot_description/lib/python3.12/site-packages/my_robot_description
byte-compiling /media/sns/Study/1_RME/Ros2/ros2_ws/install/my_robot_description/lib/python3.12/site-packages/my_robot_description/__init__.py to __init__.cpython-312.pyc
running install_data
copying resource/my_robot_description -> /media/sns/Study/1_RME/Ros2/ros2_ws/install/my_robot_description/share/ament_index/resource_index/packages
copying package.xml -> /media/sns/Study/1_RME/Ros2/ros2_ws/install/my_robot_description/share/my_robot_description
copying launch/display.launch.py -> /media/sns/Study/1_RME/Ros2/ros2_ws/install/my_robot_description/share/my_robot_description/launch
copying urdf/robot.urdf.xacro -> /media/sns/Study/1_RME/Ros2/ros2_ws/install/my_robot_description/share/my_robot_description/urdf
copying rviz/view_robot.rviz -> /media/sns/Study/1_RME/Ros2/ros2_ws/install/my_robot_description/share/my_robot_description/rviz
running install_egg_info
Copying ../../build/my_robot_description/my_robot_description.egg-info to /media/sns/Study/1_RME/Ros2/ros2_ws/install/my_robot_description/lib/python3.12/site-packages/my_robot_description-0.0.0-py3.12.egg-info
running install_scripts
writing list of installed files to '/media/sns/Study/1_RME/Ros2/ros2_ws/build/my_robot_description/install.log'
