[1.141s] Invoking command in '/media/sns/Study/1_RME/Ros2/ros2_ws/build/my_robot_description': CONDA_PROMPT_MODIFIER=(base) DEBUGINFOD_URLS=https://debuginfod.ubuntu.com PYTHONPATH=/media/sns/Study/1_RME/Ros2/ros2_ws/build/my_robot_description/prefix_override:/usr/lib/python3/dist-packages/colcon_core/task/python/colcon_distutils_commands:/media/sns/Study/1_RME/Ros2/ros2_ws/install/my_robot_description/lib/python3.12/site-packages:${PYTHONPATH} /usr/bin/python3 -W ignore:setup.py install is deprecated -W ignore:easy_install command is deprecated setup.py develop --uninstall --editable --build-directory /media/sns/Study/1_RME/Ros2/ros2_ws/build/my_robot_description/build
[1.393s] running develop
[1.549s] Removing /media/sns/Study/1_RME/Ros2/ros2_ws/install/my_robot_description/lib/python3.12/site-packages/my-robot-description.egg-link (link to .)
[1.589s] Invoked command in '/media/sns/Study/1_RME/Ros2/ros2_ws/build/my_robot_description' returned '0': CONDA_PROMPT_MODIFIER=(base) DEBUGINFOD_URLS=https://debuginfod.ubuntu.com PYTHONPATH=/media/sns/Study/1_RME/Ros2/ros2_ws/build/my_robot_description/prefix_override:/usr/lib/python3/dist-packages/colcon_core/task/python/colcon_distutils_commands:/media/sns/Study/1_RME/Ros2/ros2_ws/install/my_robot_description/lib/python3.12/site-packages:${PYTHONPATH} /usr/bin/python3 -W ignore:setup.py install is deprecated -W ignore:easy_install command is deprecated setup.py develop --uninstall --editable --build-directory /media/sns/Study/1_RME/Ros2/ros2_ws/build/my_robot_description/build
[1.590s] Invoking command in '/media/sns/Study/1_RME/Ros2/ros2_ws/src/my_robot_description': CONDA_PROMPT_MODIFIER=(base) DEBUGINFOD_URLS=https://debuginfod.ubuntu.com PYTHONPATH=/media/sns/Study/1_RME/Ros2/ros2_ws/build/my_robot_description/prefix_override:/usr/lib/python3/dist-packages/colcon_core/task/python/colcon_distutils_commands:/media/sns/Study/1_RME/Ros2/ros2_ws/install/my_robot_description/lib/python3.12/site-packages:${PYTHONPATH} /usr/bin/python3 -W ignore:setup.py install is deprecated -W ignore:easy_install command is deprecated setup.py egg_info --egg-base ../../build/my_robot_description build --build-base /media/sns/Study/1_RME/Ros2/ros2_ws/build/my_robot_description/build install --record /media/sns/Study/1_RME/Ros2/ros2_ws/build/my_robot_description/install.log --single-version-externally-managed install_data --force
[1.795s] running egg_info
[1.808s] writing ../../build/my_robot_description/my_robot_description.egg-info/PKG-INFO
[1.808s] writing dependency_links to ../../build/my_robot_description/my_robot_description.egg-info/dependency_links.txt
[1.809s] writing requirements to ../../build/my_robot_description/my_robot_description.egg-info/requires.txt
[1.809s] writing top-level names to ../../build/my_robot_description/my_robot_description.egg-info/top_level.txt
[1.835s] reading manifest file '../../build/my_robot_description/my_robot_description.egg-info/SOURCES.txt'
[1.836s] writing manifest file '../../build/my_robot_description/my_robot_description.egg-info/SOURCES.txt'
[1.836s] running build
[1.836s] running build_py
[1.836s] creating /media/sns/Study/1_RME/Ros2/ros2_ws/build/my_robot_description/build
[1.836s] creating /media/sns/Study/1_RME/Ros2/ros2_ws/build/my_robot_description/build/lib
[1.836s] creating /media/sns/Study/1_RME/Ros2/ros2_ws/build/my_robot_description/build/lib/my_robot_description
[1.836s] copying my_robot_description/__init__.py -> /media/sns/Study/1_RME/Ros2/ros2_ws/build/my_robot_description/build/lib/my_robot_description
[1.837s] running install
[1.842s] running install_lib
[1.856s] creating /media/sns/Study/1_RME/Ros2/ros2_ws/install/my_robot_description/lib/python3.12/site-packages/my_robot_description
[1.857s] copying /media/sns/Study/1_RME/Ros2/ros2_ws/build/my_robot_description/build/lib/my_robot_description/__init__.py -> /media/sns/Study/1_RME/Ros2/ros2_ws/install/my_robot_description/lib/python3.12/site-packages/my_robot_description
[1.857s] byte-compiling /media/sns/Study/1_RME/Ros2/ros2_ws/install/my_robot_description/lib/python3.12/site-packages/my_robot_description/__init__.py to __init__.cpython-312.pyc
[1.858s] running install_data
[1.858s] copying resource/my_robot_description -> /media/sns/Study/1_RME/Ros2/ros2_ws/install/my_robot_description/share/ament_index/resource_index/packages
[1.858s] copying package.xml -> /media/sns/Study/1_RME/Ros2/ros2_ws/install/my_robot_description/share/my_robot_description
[1.858s] copying launch/display.launch.py -> /media/sns/Study/1_RME/Ros2/ros2_ws/install/my_robot_description/share/my_robot_description/launch
[1.858s] copying urdf/robot.urdf.xacro -> /media/sns/Study/1_RME/Ros2/ros2_ws/install/my_robot_description/share/my_robot_description/urdf
[1.859s] copying rviz/view_robot.rviz -> /media/sns/Study/1_RME/Ros2/ros2_ws/install/my_robot_description/share/my_robot_description/rviz
[1.859s] running install_egg_info
[1.873s] Copying ../../build/my_robot_description/my_robot_description.egg-info to /media/sns/Study/1_RME/Ros2/ros2_ws/install/my_robot_description/lib/python3.12/site-packages/my_robot_description-0.0.0-py3.12.egg-info
[1.875s] running install_scripts
[1.968s] writing list of installed files to '/media/sns/Study/1_RME/Ros2/ros2_ws/build/my_robot_description/install.log'
[1.991s] Invoked command in '/media/sns/Study/1_RME/Ros2/ros2_ws/src/my_robot_description' returned '0': CONDA_PROMPT_MODIFIER=(base) DEBUGINFOD_URLS=https://debuginfod.ubuntu.com PYTHONPATH=/media/sns/Study/1_RME/Ros2/ros2_ws/build/my_robot_description/prefix_override:/usr/lib/python3/dist-packages/colcon_core/task/python/colcon_distutils_commands:/media/sns/Study/1_RME/Ros2/ros2_ws/install/my_robot_description/lib/python3.12/site-packages:${PYTHONPATH} /usr/bin/python3 -W ignore:setup.py install is deprecated -W ignore:easy_install command is deprecated setup.py egg_info --egg-base ../../build/my_robot_description build --build-base /media/sns/Study/1_RME/Ros2/ros2_ws/build/my_robot_description/build install --record /media/sns/Study/1_RME/Ros2/ros2_ws/build/my_robot_description/install.log --single-version-externally-managed install_data --force
