[0.072s] DEBUG:colcon:Command line arguments: ['/usr/bin/colcon', 'build']
[0.072s] DEBUG:colcon:Parsed command line arguments: Namespace(log_base=None, log_level=None, verb_name='build', build_base='build', install_base='install', merge_install=False, symlink_install=False, test_result_base=None, continue_on_error=False, executor='parallel', parallel_workers=16, event_handlers=None, ignore_user_meta=False, metas=['./colcon.meta'], base_paths=['.'], packages_ignore=None, packages_ignore_regex=None, paths=None, packages_up_to=None, packages_up_to_regex=None, packages_above=None, packages_above_and_dependencies=None, packages_above_depth=None, packages_select_by_dep=None, packages_skip_by_dep=None, packages_skip_up_to=None, packages_select_build_failed=False, packages_skip_build_finished=False, packages_select_test_failures=False, packages_skip_test_passed=False, packages_select=None, packages_skip=None, packages_select_regex=None, packages_skip_regex=None, packages_start=None, packages_end=None, allow_overriding=[], cmake_args=None, cmake_target=None, cmake_target_skip_unavailable=False, cmake_clean_cache=False, cmake_clean_first=False, cmake_force_configure=False, ament_cmake_args=None, catkin_cmake_args=None, catkin_skip_building_tests=False, mixin_files=None, mixin=None, verb_parser=<colcon_mixin.mixin.mixin_argument.MixinArgumentDecorator object at 0x7383af942930>, verb_extension=<colcon_core.verb.build.BuildVerb object at 0x7383af8e8aa0>, main=<bound method BuildVerb.main of <colcon_core.verb.build.BuildVerb object at 0x7383af8e8aa0>>, mixin_verb=('build',))
[0.097s] Level 1:colcon.colcon_core.package_discovery:discover_packages(colcon_meta) check parameters
[0.097s] Level 1:colcon.colcon_core.package_discovery:discover_packages(recursive) check parameters
[0.097s] Level 1:colcon.colcon_core.package_discovery:discover_packages(ignore) check parameters
[0.097s] Level 1:colcon.colcon_core.package_discovery:discover_packages(path) check parameters
[0.097s] Level 1:colcon.colcon_core.package_discovery:discover_packages(colcon_meta) discover
[0.098s] Level 1:colcon.colcon_core.package_discovery:discover_packages(recursive) discover
[0.098s] INFO:colcon.colcon_core.package_discovery:Crawling recursively for packages in '/media/sns/Study/1_RME/Ros2/ros2_ws'
[0.098s] Level 1:colcon.colcon_core.package_identification:_identify(.) by extensions ['ignore', 'ignore_ament_install']
[0.098s] Level 1:colcon.colcon_core.package_identification:_identify(.) by extension 'ignore'
[0.098s] Level 1:colcon.colcon_core.package_identification:_identify(.) by extension 'ignore_ament_install'
[0.098s] Level 1:colcon.colcon_core.package_identification:_identify(.) by extensions ['colcon_pkg']
[0.098s] Level 1:colcon.colcon_core.package_identification:_identify(.) by extension 'colcon_pkg'
[0.098s] Level 1:colcon.colcon_core.package_identification:_identify(.) by extensions ['colcon_meta']
[0.098s] Level 1:colcon.colcon_core.package_identification:_identify(.) by extension 'colcon_meta'
[0.098s] Level 1:colcon.colcon_core.package_identification:_identify(.) by extensions ['ros']
[0.098s] Level 1:colcon.colcon_core.package_identification:_identify(.) by extension 'ros'
[0.117s] Level 1:colcon.colcon_core.package_identification:_identify(.) by extensions ['cmake', 'python']
[0.117s] Level 1:colcon.colcon_core.package_identification:_identify(.) by extension 'cmake'
[0.117s] Level 1:colcon.colcon_core.package_identification:_identify(.) by extension 'python'
[0.118s] Level 1:colcon.colcon_core.package_identification:_identify(.) by extensions ['python_setup_py']
[0.118s] Level 1:colcon.colcon_core.package_identification:_identify(.) by extension 'python_setup_py'
[0.118s] Level 1:colcon.colcon_core.package_identification:_identify(build) by extensions ['ignore', 'ignore_ament_install']
[0.118s] Level 1:colcon.colcon_core.package_identification:_identify(build) by extension 'ignore'
[0.118s] Level 1:colcon.colcon_core.package_identification:_identify(build) ignored
[0.118s] Level 1:colcon.colcon_core.package_identification:_identify(install) by extensions ['ignore', 'ignore_ament_install']
[0.118s] Level 1:colcon.colcon_core.package_identification:_identify(install) by extension 'ignore'
[0.118s] Level 1:colcon.colcon_core.package_identification:_identify(install) ignored
[0.118s] Level 1:colcon.colcon_core.package_identification:_identify(log) by extensions ['ignore', 'ignore_ament_install']
[0.118s] Level 1:colcon.colcon_core.package_identification:_identify(log) by extension 'ignore'
[0.118s] Level 1:colcon.colcon_core.package_identification:_identify(log) ignored
[0.118s] Level 1:colcon.colcon_core.package_identification:_identify(src) by extensions ['ignore', 'ignore_ament_install']
[0.118s] Level 1:colcon.colcon_core.package_identification:_identify(src) by extension 'ignore'
[0.118s] Level 1:colcon.colcon_core.package_identification:_identify(src) by extension 'ignore_ament_install'
[0.118s] Level 1:colcon.colcon_core.package_identification:_identify(src) by extensions ['colcon_pkg']
[0.118s] Level 1:colcon.colcon_core.package_identification:_identify(src) by extension 'colcon_pkg'
[0.118s] Level 1:colcon.colcon_core.package_identification:_identify(src) by extensions ['colcon_meta']
[0.118s] Level 1:colcon.colcon_core.package_identification:_identify(src) by extension 'colcon_meta'
[0.118s] Level 1:colcon.colcon_core.package_identification:_identify(src) by extensions ['ros']
[0.118s] Level 1:colcon.colcon_core.package_identification:_identify(src) by extension 'ros'
[0.118s] Level 1:colcon.colcon_core.package_identification:_identify(src) by extensions ['cmake', 'python']
[0.118s] Level 1:colcon.colcon_core.package_identification:_identify(src) by extension 'cmake'
[0.118s] Level 1:colcon.colcon_core.package_identification:_identify(src) by extension 'python'
[0.118s] Level 1:colcon.colcon_core.package_identification:_identify(src) by extensions ['python_setup_py']
[0.118s] Level 1:colcon.colcon_core.package_identification:_identify(src) by extension 'python_setup_py'
[0.118s] Level 1:colcon.colcon_core.package_identification:_identify(src/double_pendulum_arm) by extensions ['ignore', 'ignore_ament_install']
[0.118s] Level 1:colcon.colcon_core.package_identification:_identify(src/double_pendulum_arm) by extension 'ignore'
[0.118s] Level 1:colcon.colcon_core.package_identification:_identify(src/double_pendulum_arm) by extension 'ignore_ament_install'
[0.118s] Level 1:colcon.colcon_core.package_identification:_identify(src/double_pendulum_arm) by extensions ['colcon_pkg']
[0.119s] Level 1:colcon.colcon_core.package_identification:_identify(src/double_pendulum_arm) by extension 'colcon_pkg'
[0.119s] Level 1:colcon.colcon_core.package_identification:_identify(src/double_pendulum_arm) by extensions ['colcon_meta']
[0.119s] Level 1:colcon.colcon_core.package_identification:_identify(src/double_pendulum_arm) by extension 'colcon_meta'
[0.119s] Level 1:colcon.colcon_core.package_identification:_identify(src/double_pendulum_arm) by extensions ['ros']
[0.119s] Level 1:colcon.colcon_core.package_identification:_identify(src/double_pendulum_arm) by extension 'ros'
[0.120s] DEBUG:colcon.colcon_core.package_identification:Package 'src/double_pendulum_arm' with type 'ros.ament_python' and name 'double_pendulum_arm'
[0.120s] Level 1:colcon.colcon_core.package_identification:_identify(src/my_robot_description) by extensions ['ignore', 'ignore_ament_install']
[0.120s] Level 1:colcon.colcon_core.package_identification:_identify(src/my_robot_description) by extension 'ignore'
[0.120s] Level 1:colcon.colcon_core.package_identification:_identify(src/my_robot_description) by extension 'ignore_ament_install'
[0.120s] Level 1:colcon.colcon_core.package_identification:_identify(src/my_robot_description) by extensions ['colcon_pkg']
[0.120s] Level 1:colcon.colcon_core.package_identification:_identify(src/my_robot_description) by extension 'colcon_pkg'
[0.120s] Level 1:colcon.colcon_core.package_identification:_identify(src/my_robot_description) by extensions ['colcon_meta']
[0.120s] Level 1:colcon.colcon_core.package_identification:_identify(src/my_robot_description) by extension 'colcon_meta'
[0.120s] Level 1:colcon.colcon_core.package_identification:_identify(src/my_robot_description) by extensions ['ros']
[0.120s] Level 1:colcon.colcon_core.package_identification:_identify(src/my_robot_description) by extension 'ros'
[0.121s] DEBUG:colcon.colcon_core.package_identification:Package 'src/my_robot_description' with type 'ros.ament_python' and name 'my_robot_description'
[0.121s] Level 1:colcon.colcon_core.package_identification:_identify(src/nodes_topics_demo) by extensions ['ignore', 'ignore_ament_install']
[0.121s] Level 1:colcon.colcon_core.package_identification:_identify(src/nodes_topics_demo) by extension 'ignore'
[0.121s] Level 1:colcon.colcon_core.package_identification:_identify(src/nodes_topics_demo) by extension 'ignore_ament_install'
[0.121s] Level 1:colcon.colcon_core.package_identification:_identify(src/nodes_topics_demo) by extensions ['colcon_pkg']
[0.121s] Level 1:colcon.colcon_core.package_identification:_identify(src/nodes_topics_demo) by extension 'colcon_pkg'
[0.121s] Level 1:colcon.colcon_core.package_identification:_identify(src/nodes_topics_demo) by extensions ['colcon_meta']
[0.121s] Level 1:colcon.colcon_core.package_identification:_identify(src/nodes_topics_demo) by extension 'colcon_meta'
[0.121s] Level 1:colcon.colcon_core.package_identification:_identify(src/nodes_topics_demo) by extensions ['ros']
[0.121s] Level 1:colcon.colcon_core.package_identification:_identify(src/nodes_topics_demo) by extension 'ros'
[0.121s] DEBUG:colcon.colcon_core.package_identification:Package 'src/nodes_topics_demo' with type 'ros.ament_python' and name 'nodes_topics_demo'
[0.122s] Level 1:colcon.colcon_core.package_identification:_identify(src/qos_demo) by extensions ['ignore', 'ignore_ament_install']
[0.122s] Level 1:colcon.colcon_core.package_identification:_identify(src/qos_demo) by extension 'ignore'
[0.122s] Level 1:colcon.colcon_core.package_identification:_identify(src/qos_demo) by extension 'ignore_ament_install'
[0.122s] Level 1:colcon.colcon_core.package_identification:_identify(src/qos_demo) by extensions ['colcon_pkg']
[0.122s] Level 1:colcon.colcon_core.package_identification:_identify(src/qos_demo) by extension 'colcon_pkg'
[0.122s] Level 1:colcon.colcon_core.package_identification:_identify(src/qos_demo) by extensions ['colcon_meta']
[0.122s] Level 1:colcon.colcon_core.package_identification:_identify(src/qos_demo) by extension 'colcon_meta'
[0.122s] Level 1:colcon.colcon_core.package_identification:_identify(src/qos_demo) by extensions ['ros']
[0.122s] Level 1:colcon.colcon_core.package_identification:_identify(src/qos_demo) by extension 'ros'
[0.122s] DEBUG:colcon.colcon_core.package_identification:Package 'src/qos_demo' with type 'ros.ament_python' and name 'qos_demo'
[0.122s] Level 1:colcon.colcon_core.package_discovery:discover_packages(recursive) using defaults
[0.122s] Level 1:colcon.colcon_core.package_discovery:discover_packages(ignore) discover
[0.122s] Level 1:colcon.colcon_core.package_discovery:discover_packages(ignore) using defaults
[0.122s] Level 1:colcon.colcon_core.package_discovery:discover_packages(path) discover
[0.122s] Level 1:colcon.colcon_core.package_discovery:discover_packages(path) using defaults
[0.135s] Level 1:colcon.colcon_core.package_discovery:discover_packages(prefix_path) check parameters
[0.135s] Level 1:colcon.colcon_core.package_discovery:discover_packages(prefix_path) discover
[0.136s] DEBUG:colcon.colcon_installed_package_information.package_discovery:Found 4 installed packages in /media/sns/Study/1_RME/Ros2/ros2_ws/install
[0.137s] DEBUG:colcon.colcon_installed_package_information.package_discovery:Found 387 installed packages in /opt/ros/jazzy
[0.138s] Level 1:colcon.colcon_core.package_discovery:discover_packages(prefix_path) using defaults
[0.169s] Level 5:colcon.colcon_core.verb:set package 'double_pendulum_arm' build argument 'cmake_args' from command line to 'None'
[0.169s] Level 5:colcon.colcon_core.verb:set package 'double_pendulum_arm' build argument 'cmake_target' from command line to 'None'
[0.169s] Level 5:colcon.colcon_core.verb:set package 'double_pendulum_arm' build argument 'cmake_target_skip_unavailable' from command line to 'False'
[0.169s] Level 5:colcon.colcon_core.verb:set package 'double_pendulum_arm' build argument 'cmake_clean_cache' from command line to 'False'
[0.169s] Level 5:colcon.colcon_core.verb:set package 'double_pendulum_arm' build argument 'cmake_clean_first' from command line to 'False'
[0.169s] Level 5:colcon.colcon_core.verb:set package 'double_pendulum_arm' build argument 'cmake_force_configure' from command line to 'False'
[0.169s] Level 5:colcon.colcon_core.verb:set package 'double_pendulum_arm' build argument 'ament_cmake_args' from command line to 'None'
[0.169s] Level 5:colcon.colcon_core.verb:set package 'double_pendulum_arm' build argument 'catkin_cmake_args' from command line to 'None'
[0.169s] Level 5:colcon.colcon_core.verb:set package 'double_pendulum_arm' build argument 'catkin_skip_building_tests' from command line to 'False'
[0.169s] DEBUG:colcon.colcon_core.verb:Building package 'double_pendulum_arm' with the following arguments: {'ament_cmake_args': None, 'build_base': '/media/sns/Study/1_RME/Ros2/ros2_ws/build/double_pendulum_arm', 'catkin_cmake_args': None, 'catkin_skip_building_tests': False, 'cmake_args': None, 'cmake_clean_cache': False, 'cmake_clean_first': False, 'cmake_force_configure': False, 'cmake_target': None, 'cmake_target_skip_unavailable': False, 'install_base': '/media/sns/Study/1_RME/Ros2/ros2_ws/install/double_pendulum_arm', 'merge_install': False, 'path': '/media/sns/Study/1_RME/Ros2/ros2_ws/src/double_pendulum_arm', 'symlink_install': False, 'test_result_base': None}
[0.169s] Level 5:colcon.colcon_core.verb:set package 'my_robot_description' build argument 'cmake_args' from command line to 'None'
[0.169s] Level 5:colcon.colcon_core.verb:set package 'my_robot_description' build argument 'cmake_target' from command line to 'None'
[0.169s] Level 5:colcon.colcon_core.verb:set package 'my_robot_description' build argument 'cmake_target_skip_unavailable' from command line to 'False'
[0.169s] Level 5:colcon.colcon_core.verb:set package 'my_robot_description' build argument 'cmake_clean_cache' from command line to 'False'
[0.169s] Level 5:colcon.colcon_core.verb:set package 'my_robot_description' build argument 'cmake_clean_first' from command line to 'False'
[0.169s] Level 5:colcon.colcon_core.verb:set package 'my_robot_description' build argument 'cmake_force_configure' from command line to 'False'
[0.169s] Level 5:colcon.colcon_core.verb:set package 'my_robot_description' build argument 'ament_cmake_args' from command line to 'None'
[0.169s] Level 5:colcon.colcon_core.verb:set package 'my_robot_description' build argument 'catkin_cmake_args' from command line to 'None'
[0.169s] Level 5:colcon.colcon_core.verb:set package 'my_robot_description' build argument 'catkin_skip_building_tests' from command line to 'False'
[0.169s] DEBUG:colcon.colcon_core.verb:Building package 'my_robot_description' with the following arguments: {'ament_cmake_args': None, 'build_base': '/media/sns/Study/1_RME/Ros2/ros2_ws/build/my_robot_description', 'catkin_cmake_args': None, 'catkin_skip_building_tests': False, 'cmake_args': None, 'cmake_clean_cache': False, 'cmake_clean_first': False, 'cmake_force_configure': False, 'cmake_target': None, 'cmake_target_skip_unavailable': False, 'install_base': '/media/sns/Study/1_RME/Ros2/ros2_ws/install/my_robot_description', 'merge_install': False, 'path': '/media/sns/Study/1_RME/Ros2/ros2_ws/src/my_robot_description', 'symlink_install': False, 'test_result_base': None}
[0.169s] Level 5:colcon.colcon_core.verb:set package 'nodes_topics_demo' build argument 'cmake_args' from command line to 'None'
[0.169s] Level 5:colcon.colcon_core.verb:set package 'nodes_topics_demo' build argument 'cmake_target' from command line to 'None'
[0.169s] Level 5:colcon.colcon_core.verb:set package 'nodes_topics_demo' build argument 'cmake_target_skip_unavailable' from command line to 'False'
[0.169s] Level 5:colcon.colcon_core.verb:set package 'nodes_topics_demo' build argument 'cmake_clean_cache' from command line to 'False'
[0.169s] Level 5:colcon.colcon_core.verb:set package 'nodes_topics_demo' build argument 'cmake_clean_first' from command line to 'False'
[0.169s] Level 5:colcon.colcon_core.verb:set package 'nodes_topics_demo' build argument 'cmake_force_configure' from command line to 'False'
[0.169s] Level 5:colcon.colcon_core.verb:set package 'nodes_topics_demo' build argument 'ament_cmake_args' from command line to 'None'
[0.169s] Level 5:colcon.colcon_core.verb:set package 'nodes_topics_demo' build argument 'catkin_cmake_args' from command line to 'None'
[0.169s] Level 5:colcon.colcon_core.verb:set package 'nodes_topics_demo' build argument 'catkin_skip_building_tests' from command line to 'False'
[0.169s] DEBUG:colcon.colcon_core.verb:Building package 'nodes_topics_demo' with the following arguments: {'ament_cmake_args': None, 'build_base': '/media/sns/Study/1_RME/Ros2/ros2_ws/build/nodes_topics_demo', 'catkin_cmake_args': None, 'catkin_skip_building_tests': False, 'cmake_args': None, 'cmake_clean_cache': False, 'cmake_clean_first': False, 'cmake_force_configure': False, 'cmake_target': None, 'cmake_target_skip_unavailable': False, 'install_base': '/media/sns/Study/1_RME/Ros2/ros2_ws/install/nodes_topics_demo', 'merge_install': False, 'path': '/media/sns/Study/1_RME/Ros2/ros2_ws/src/nodes_topics_demo', 'symlink_install': False, 'test_result_base': None}
[0.170s] Level 5:colcon.colcon_core.verb:set package 'qos_demo' build argument 'cmake_args' from command line to 'None'
[0.170s] Level 5:colcon.colcon_core.verb:set package 'qos_demo' build argument 'cmake_target' from command line to 'None'
[0.170s] Level 5:colcon.colcon_core.verb:set package 'qos_demo' build argument 'cmake_target_skip_unavailable' from command line to 'False'
[0.170s] Level 5:colcon.colcon_core.verb:set package 'qos_demo' build argument 'cmake_clean_cache' from command line to 'False'
[0.170s] Level 5:colcon.colcon_core.verb:set package 'qos_demo' build argument 'cmake_clean_first' from command line to 'False'
[0.170s] Level 5:colcon.colcon_core.verb:set package 'qos_demo' build argument 'cmake_force_configure' from command line to 'False'
[0.170s] Level 5:colcon.colcon_core.verb:set package 'qos_demo' build argument 'ament_cmake_args' from command line to 'None'
[0.170s] Level 5:colcon.colcon_core.verb:set package 'qos_demo' build argument 'catkin_cmake_args' from command line to 'None'
[0.170s] Level 5:colcon.colcon_core.verb:set package 'qos_demo' build argument 'catkin_skip_building_tests' from command line to 'False'
[0.170s] DEBUG:colcon.colcon_core.verb:Building package 'qos_demo' with the following arguments: {'ament_cmake_args': None, 'build_base': '/media/sns/Study/1_RME/Ros2/ros2_ws/build/qos_demo', 'catkin_cmake_args': None, 'catkin_skip_building_tests': False, 'cmake_args': None, 'cmake_clean_cache': False, 'cmake_clean_first': False, 'cmake_force_configure': False, 'cmake_target': None, 'cmake_target_skip_unavailable': False, 'install_base': '/media/sns/Study/1_RME/Ros2/ros2_ws/install/qos_demo', 'merge_install': False, 'path': '/media/sns/Study/1_RME/Ros2/ros2_ws/src/qos_demo', 'symlink_install': False, 'test_result_base': None}
[0.170s] INFO:colcon.colcon_core.executor:Executing jobs using 'parallel' executor
[0.171s] DEBUG:colcon.colcon_parallel_executor.executor.parallel:run_until_complete
[0.171s] INFO:colcon.colcon_ros.task.ament_python.build:Building ROS package in '/media/sns/Study/1_RME/Ros2/ros2_ws/src/double_pendulum_arm' with build type 'ament_python'
[0.171s] Level 1:colcon.colcon_core.shell:create_environment_hook('double_pendulum_arm', 'ament_prefix_path')
[0.172s] INFO:colcon.colcon_core.plugin_system:Skipping extension 'colcon_core.shell.bat': Not used on non-Windows systems
[0.172s] INFO:colcon.colcon_core.shell:Creating environment hook '/media/sns/Study/1_RME/Ros2/ros2_ws/install/double_pendulum_arm/share/double_pendulum_arm/hook/ament_prefix_path.ps1'
[0.173s] INFO:colcon.colcon_core.shell:Creating environment descriptor '/media/sns/Study/1_RME/Ros2/ros2_ws/install/double_pendulum_arm/share/double_pendulum_arm/hook/ament_prefix_path.dsv'
[0.173s] INFO:colcon.colcon_core.shell:Creating environment hook '/media/sns/Study/1_RME/Ros2/ros2_ws/install/double_pendulum_arm/share/double_pendulum_arm/hook/ament_prefix_path.sh'
[0.174s] INFO:colcon.colcon_core.shell:Skip shell extension 'powershell' for command environment: Not usable outside of PowerShell
[0.174s] DEBUG:colcon.colcon_core.shell:Skip shell extension 'dsv' for command environment
[0.177s] INFO:colcon.colcon_ros.task.ament_python.build:Building ROS package in '/media/sns/Study/1_RME/Ros2/ros2_ws/src/my_robot_description' with build type 'ament_python'
[0.177s] Level 1:colcon.colcon_core.shell:create_environment_hook('my_robot_description', 'ament_prefix_path')
[0.177s] INFO:colcon.colcon_core.shell:Creating environment hook '/media/sns/Study/1_RME/Ros2/ros2_ws/install/my_robot_description/share/my_robot_description/hook/ament_prefix_path.ps1'
[0.178s] INFO:colcon.colcon_core.shell:Creating environment descriptor '/media/sns/Study/1_RME/Ros2/ros2_ws/install/my_robot_description/share/my_robot_description/hook/ament_prefix_path.dsv'
[0.178s] INFO:colcon.colcon_core.shell:Creating environment hook '/media/sns/Study/1_RME/Ros2/ros2_ws/install/my_robot_description/share/my_robot_description/hook/ament_prefix_path.sh'
[0.178s] INFO:colcon.colcon_core.shell:Skip shell extension 'powershell' for command environment: Not usable outside of PowerShell
[0.179s] DEBUG:colcon.colcon_core.shell:Skip shell extension 'dsv' for command environment
[0.181s] INFO:colcon.colcon_ros.task.ament_python.build:Building ROS package in '/media/sns/Study/1_RME/Ros2/ros2_ws/src/nodes_topics_demo' with build type 'ament_python'
[0.181s] Level 1:colcon.colcon_core.shell:create_environment_hook('nodes_topics_demo', 'ament_prefix_path')
[0.181s] INFO:colcon.colcon_core.shell:Creating environment hook '/media/sns/Study/1_RME/Ros2/ros2_ws/install/nodes_topics_demo/share/nodes_topics_demo/hook/ament_prefix_path.ps1'
[0.181s] INFO:colcon.colcon_core.shell:Creating environment descriptor '/media/sns/Study/1_RME/Ros2/ros2_ws/install/nodes_topics_demo/share/nodes_topics_demo/hook/ament_prefix_path.dsv'
[0.181s] INFO:colcon.colcon_core.shell:Creating environment hook '/media/sns/Study/1_RME/Ros2/ros2_ws/install/nodes_topics_demo/share/nodes_topics_demo/hook/ament_prefix_path.sh'
[0.182s] INFO:colcon.colcon_core.shell:Skip shell extension 'powershell' for command environment: Not usable outside of PowerShell
[0.182s] DEBUG:colcon.colcon_core.shell:Skip shell extension 'dsv' for command environment
[0.184s] INFO:colcon.colcon_ros.task.ament_python.build:Building ROS package in '/media/sns/Study/1_RME/Ros2/ros2_ws/src/qos_demo' with build type 'ament_python'
[0.184s] Level 1:colcon.colcon_core.shell:create_environment_hook('qos_demo', 'ament_prefix_path')
[0.184s] INFO:colcon.colcon_core.shell:Creating environment hook '/media/sns/Study/1_RME/Ros2/ros2_ws/install/qos_demo/share/qos_demo/hook/ament_prefix_path.ps1'
[0.185s] INFO:colcon.colcon_core.shell:Creating environment descriptor '/media/sns/Study/1_RME/Ros2/ros2_ws/install/qos_demo/share/qos_demo/hook/ament_prefix_path.dsv'
[0.185s] INFO:colcon.colcon_core.shell:Creating environment hook '/media/sns/Study/1_RME/Ros2/ros2_ws/install/qos_demo/share/qos_demo/hook/ament_prefix_path.sh'
[0.186s] INFO:colcon.colcon_core.shell:Skip shell extension 'powershell' for command environment: Not usable outside of PowerShell
[0.186s] DEBUG:colcon.colcon_core.shell:Skip shell extension 'dsv' for command environment
[0.342s] INFO:colcon.colcon_core.task.python.build:Building Python package in '/media/sns/Study/1_RME/Ros2/ros2_ws/src/double_pendulum_arm'
[0.342s] INFO:colcon.colcon_core.shell:Skip shell extension 'powershell' for command environment: Not usable outside of PowerShell
[0.342s] DEBUG:colcon.colcon_core.shell:Skip shell extension 'dsv' for command environment
[0.486s] INFO:colcon.colcon_core.task.python.build:Building Python package in '/media/sns/Study/1_RME/Ros2/ros2_ws/src/my_robot_description'
[0.486s] INFO:colcon.colcon_core.shell:Skip shell extension 'powershell' for command environment: Not usable outside of PowerShell
[0.486s] DEBUG:colcon.colcon_core.shell:Skip shell extension 'dsv' for command environment
[0.637s] INFO:colcon.colcon_core.task.python.build:Building Python package in '/media/sns/Study/1_RME/Ros2/ros2_ws/src/nodes_topics_demo'
[0.637s] INFO:colcon.colcon_core.shell:Skip shell extension 'powershell' for command environment: Not usable outside of PowerShell
[0.637s] DEBUG:colcon.colcon_core.shell:Skip shell extension 'dsv' for command environment
[0.789s] INFO:colcon.colcon_core.task.python.build:Building Python package in '/media/sns/Study/1_RME/Ros2/ros2_ws/src/qos_demo'
[0.789s] INFO:colcon.colcon_core.shell:Skip shell extension 'powershell' for command environment: Not usable outside of PowerShell
[0.789s] DEBUG:colcon.colcon_core.shell:Skip shell extension 'dsv' for command environment
[1.316s] DEBUG:colcon.colcon_core.event_handler.log_command:Invoking command in '/media/sns/Study/1_RME/Ros2/ros2_ws/build/double_pendulum_arm': CONDA_PROMPT_MODIFIER=(base) DEBUGINFOD_URLS=https://debuginfod.ubuntu.com PYTHONPATH=/media/sns/Study/1_RME/Ros2/ros2_ws/build/double_pendulum_arm/prefix_override:/usr/lib/python3/dist-packages/colcon_core/task/python/colcon_distutils_commands:/media/sns/Study/1_RME/Ros2/ros2_ws/install/double_pendulum_arm/lib/python3.12/site-packages:${PYTHONPATH} /usr/bin/python3 -W ignore:setup.py install is deprecated -W ignore:easy_install command is deprecated setup.py develop --uninstall --editable --build-directory /media/sns/Study/1_RME/Ros2/ros2_ws/build/double_pendulum_arm/build
[1.318s] DEBUG:colcon.colcon_core.event_handler.log_command:Invoking command in '/media/sns/Study/1_RME/Ros2/ros2_ws/build/my_robot_description': CONDA_PROMPT_MODIFIER=(base) DEBUGINFOD_URLS=https://debuginfod.ubuntu.com PYTHONPATH=/media/sns/Study/1_RME/Ros2/ros2_ws/build/my_robot_description/prefix_override:/usr/lib/python3/dist-packages/colcon_core/task/python/colcon_distutils_commands:/media/sns/Study/1_RME/Ros2/ros2_ws/install/my_robot_description/lib/python3.12/site-packages:${PYTHONPATH} /usr/bin/python3 -W ignore:setup.py install is deprecated -W ignore:easy_install command is deprecated setup.py develop --uninstall --editable --build-directory /media/sns/Study/1_RME/Ros2/ros2_ws/build/my_robot_description/build
[1.321s] DEBUG:colcon.colcon_core.event_handler.log_command:Invoking command in '/media/sns/Study/1_RME/Ros2/ros2_ws/src/qos_demo': CONDA_PROMPT_MODIFIER=(base) DEBUGINFOD_URLS=https://debuginfod.ubuntu.com PYTHONPATH=/media/sns/Study/1_RME/Ros2/ros2_ws/build/qos_demo/prefix_override:/usr/lib/python3/dist-packages/colcon_core/task/python/colcon_distutils_commands:/media/sns/Study/1_RME/Ros2/ros2_ws/install/qos_demo/lib/python3.12/site-packages:${PYTHONPATH} /usr/bin/python3 -W ignore:setup.py install is deprecated -W ignore:easy_install command is deprecated setup.py egg_info --egg-base ../../build/qos_demo build --build-base /media/sns/Study/1_RME/Ros2/ros2_ws/build/qos_demo/build install --record /media/sns/Study/1_RME/Ros2/ros2_ws/build/qos_demo/install.log --single-version-externally-managed install_data
[1.322s] DEBUG:colcon.colcon_core.event_handler.log_command:Invoking command in '/media/sns/Study/1_RME/Ros2/ros2_ws/src/nodes_topics_demo': CONDA_PROMPT_MODIFIER=(base) DEBUGINFOD_URLS=https://debuginfod.ubuntu.com PYTHONPATH=/media/sns/Study/1_RME/Ros2/ros2_ws/build/nodes_topics_demo/prefix_override:/usr/lib/python3/dist-packages/colcon_core/task/python/colcon_distutils_commands:/media/sns/Study/1_RME/Ros2/ros2_ws/install/nodes_topics_demo/lib/python3.12/site-packages:${PYTHONPATH} /usr/bin/python3 -W ignore:setup.py install is deprecated -W ignore:easy_install command is deprecated setup.py egg_info --egg-base ../../build/nodes_topics_demo build --build-base /media/sns/Study/1_RME/Ros2/ros2_ws/build/nodes_topics_demo/build install --record /media/sns/Study/1_RME/Ros2/ros2_ws/build/nodes_topics_demo/install.log --single-version-externally-managed install_data
[1.752s] DEBUG:colcon.colcon_core.event_handler.log_command:Invoked command in '/media/sns/Study/1_RME/Ros2/ros2_ws/src/qos_demo' returned '0': CONDA_PROMPT_MODIFIER=(base) DEBUGINFOD_URLS=https://debuginfod.ubuntu.com PYTHONPATH=/media/sns/Study/1_RME/Ros2/ros2_ws/build/qos_demo/prefix_override:/usr/lib/python3/dist-packages/colcon_core/task/python/colcon_distutils_commands:/media/sns/Study/1_RME/Ros2/ros2_ws/install/qos_demo/lib/python3.12/site-packages:${PYTHONPATH} /usr/bin/python3 -W ignore:setup.py install is deprecated -W ignore:easy_install command is deprecated setup.py egg_info --egg-base ../../build/qos_demo build --build-base /media/sns/Study/1_RME/Ros2/ros2_ws/build/qos_demo/build install --record /media/sns/Study/1_RME/Ros2/ros2_ws/build/qos_demo/install.log --single-version-externally-managed install_data
[1.754s] Level 1:colcon.colcon_core.environment:checking '/media/sns/Study/1_RME/Ros2/ros2_ws/install/qos_demo' for CMake module files
[1.754s] Level 1:colcon.colcon_core.environment:checking '/media/sns/Study/1_RME/Ros2/ros2_ws/install/qos_demo' for CMake config files
[1.755s] Level 1:colcon.colcon_core.environment:checking '/media/sns/Study/1_RME/Ros2/ros2_ws/install/qos_demo/lib'
[1.755s] Level 1:colcon.colcon_core.environment:checking '/media/sns/Study/1_RME/Ros2/ros2_ws/install/qos_demo/bin'
[1.755s] Level 1:colcon.colcon_core.environment:checking '/media/sns/Study/1_RME/Ros2/ros2_ws/install/qos_demo/lib/pkgconfig/qos_demo.pc'
[1.755s] Level 1:colcon.colcon_core.environment:checking '/media/sns/Study/1_RME/Ros2/ros2_ws/install/qos_demo/lib/python3.12/site-packages'
[1.755s] Level 1:colcon.colcon_core.shell:create_environment_hook('qos_demo', 'pythonpath')
[1.755s] INFO:colcon.colcon_core.shell:Creating environment hook '/media/sns/Study/1_RME/Ros2/ros2_ws/install/qos_demo/share/qos_demo/hook/pythonpath.ps1'
[1.756s] INFO:colcon.colcon_core.shell:Creating environment descriptor '/media/sns/Study/1_RME/Ros2/ros2_ws/install/qos_demo/share/qos_demo/hook/pythonpath.dsv'
[1.756s] INFO:colcon.colcon_core.shell:Creating environment hook '/media/sns/Study/1_RME/Ros2/ros2_ws/install/qos_demo/share/qos_demo/hook/pythonpath.sh'
[1.756s] Level 1:colcon.colcon_core.environment:checking '/media/sns/Study/1_RME/Ros2/ros2_ws/install/qos_demo/bin'
[1.756s] Level 1:colcon.colcon_core.environment:create_environment_scripts_only(qos_demo)
[1.757s] INFO:colcon.colcon_core.shell:Creating package script '/media/sns/Study/1_RME/Ros2/ros2_ws/install/qos_demo/share/qos_demo/package.ps1'
[1.757s] INFO:colcon.colcon_core.shell:Creating package descriptor '/media/sns/Study/1_RME/Ros2/ros2_ws/install/qos_demo/share/qos_demo/package.dsv'
[1.758s] INFO:colcon.colcon_core.shell:Creating package script '/media/sns/Study/1_RME/Ros2/ros2_ws/install/qos_demo/share/qos_demo/package.sh'
[1.758s] INFO:colcon.colcon_core.shell:Creating package script '/media/sns/Study/1_RME/Ros2/ros2_ws/install/qos_demo/share/qos_demo/package.bash'
[1.758s] INFO:colcon.colcon_core.shell:Creating package script '/media/sns/Study/1_RME/Ros2/ros2_ws/install/qos_demo/share/qos_demo/package.zsh'
[1.759s] Level 1:colcon.colcon_core.environment:create_file_with_runtime_dependencies(/media/sns/Study/1_RME/Ros2/ros2_ws/install/qos_demo/share/colcon-core/packages/qos_demo)
[1.760s] Level 1:colcon.colcon_core.environment:checking '/media/sns/Study/1_RME/Ros2/ros2_ws/install/nodes_topics_demo' for CMake module files
[1.761s] DEBUG:colcon.colcon_core.event_handler.log_command:Invoked command in '/media/sns/Study/1_RME/Ros2/ros2_ws/src/nodes_topics_demo' returned '0': CONDA_PROMPT_MODIFIER=(base) DEBUGINFOD_URLS=https://debuginfod.ubuntu.com PYTHONPATH=/media/sns/Study/1_RME/Ros2/ros2_ws/build/nodes_topics_demo/prefix_override:/usr/lib/python3/dist-packages/colcon_core/task/python/colcon_distutils_commands:/media/sns/Study/1_RME/Ros2/ros2_ws/install/nodes_topics_demo/lib/python3.12/site-packages:${PYTHONPATH} /usr/bin/python3 -W ignore:setup.py install is deprecated -W ignore:easy_install command is deprecated setup.py egg_info --egg-base ../../build/nodes_topics_demo build --build-base /media/sns/Study/1_RME/Ros2/ros2_ws/build/nodes_topics_demo/build install --record /media/sns/Study/1_RME/Ros2/ros2_ws/build/nodes_topics_demo/install.log --single-version-externally-managed install_data
[1.761s] Level 1:colcon.colcon_core.environment:checking '/media/sns/Study/1_RME/Ros2/ros2_ws/install/nodes_topics_demo' for CMake config files
[1.762s] Level 1:colcon.colcon_core.environment:checking '/media/sns/Study/1_RME/Ros2/ros2_ws/install/nodes_topics_demo/lib'
[1.762s] Level 1:colcon.colcon_core.environment:checking '/media/sns/Study/1_RME/Ros2/ros2_ws/install/nodes_topics_demo/bin'
[1.762s] Level 1:colcon.colcon_core.environment:checking '/media/sns/Study/1_RME/Ros2/ros2_ws/install/nodes_topics_demo/lib/pkgconfig/nodes_topics_demo.pc'
[1.762s] Level 1:colcon.colcon_core.environment:checking '/media/sns/Study/1_RME/Ros2/ros2_ws/install/nodes_topics_demo/lib/python3.12/site-packages'
[1.763s] Level 1:colcon.colcon_core.shell:create_environment_hook('nodes_topics_demo', 'pythonpath')
[1.763s] INFO:colcon.colcon_core.shell:Creating environment hook '/media/sns/Study/1_RME/Ros2/ros2_ws/install/nodes_topics_demo/share/nodes_topics_demo/hook/pythonpath.ps1'
[1.763s] INFO:colcon.colcon_core.shell:Creating environment descriptor '/media/sns/Study/1_RME/Ros2/ros2_ws/install/nodes_topics_demo/share/nodes_topics_demo/hook/pythonpath.dsv'
[1.763s] INFO:colcon.colcon_core.shell:Creating environment hook '/media/sns/Study/1_RME/Ros2/ros2_ws/install/nodes_topics_demo/share/nodes_topics_demo/hook/pythonpath.sh'
[1.764s] Level 1:colcon.colcon_core.environment:checking '/media/sns/Study/1_RME/Ros2/ros2_ws/install/nodes_topics_demo/bin'
[1.764s] Level 1:colcon.colcon_core.environment:create_environment_scripts_only(nodes_topics_demo)
[1.764s] INFO:colcon.colcon_core.shell:Creating package script '/media/sns/Study/1_RME/Ros2/ros2_ws/install/nodes_topics_demo/share/nodes_topics_demo/package.ps1'
[1.764s] INFO:colcon.colcon_core.shell:Creating package descriptor '/media/sns/Study/1_RME/Ros2/ros2_ws/install/nodes_topics_demo/share/nodes_topics_demo/package.dsv'
[1.764s] INFO:colcon.colcon_core.shell:Creating package script '/media/sns/Study/1_RME/Ros2/ros2_ws/install/nodes_topics_demo/share/nodes_topics_demo/package.sh'
[1.764s] INFO:colcon.colcon_core.shell:Creating package script '/media/sns/Study/1_RME/Ros2/ros2_ws/install/nodes_topics_demo/share/nodes_topics_demo/package.bash'
[1.765s] INFO:colcon.colcon_core.shell:Creating package script '/media/sns/Study/1_RME/Ros2/ros2_ws/install/nodes_topics_demo/share/nodes_topics_demo/package.zsh'
[1.765s] Level 1:colcon.colcon_core.environment:create_file_with_runtime_dependencies(/media/sns/Study/1_RME/Ros2/ros2_ws/install/nodes_topics_demo/share/colcon-core/packages/nodes_topics_demo)
[1.767s] DEBUG:colcon.colcon_core.event_handler.log_command:Invoked command in '/media/sns/Study/1_RME/Ros2/ros2_ws/build/my_robot_description' returned '0': CONDA_PROMPT_MODIFIER=(base) DEBUGINFOD_URLS=https://debuginfod.ubuntu.com PYTHONPATH=/media/sns/Study/1_RME/Ros2/ros2_ws/build/my_robot_description/prefix_override:/usr/lib/python3/dist-packages/colcon_core/task/python/colcon_distutils_commands:/media/sns/Study/1_RME/Ros2/ros2_ws/install/my_robot_description/lib/python3.12/site-packages:${PYTHONPATH} /usr/bin/python3 -W ignore:setup.py install is deprecated -W ignore:easy_install command is deprecated setup.py develop --uninstall --editable --build-directory /media/sns/Study/1_RME/Ros2/ros2_ws/build/my_robot_description/build
[1.768s] DEBUG:colcon.colcon_core.event_handler.log_command:Invoking command in '/media/sns/Study/1_RME/Ros2/ros2_ws/src/my_robot_description': CONDA_PROMPT_MODIFIER=(base) DEBUGINFOD_URLS=https://debuginfod.ubuntu.com PYTHONPATH=/media/sns/Study/1_RME/Ros2/ros2_ws/build/my_robot_description/prefix_override:/usr/lib/python3/dist-packages/colcon_core/task/python/colcon_distutils_commands:/media/sns/Study/1_RME/Ros2/ros2_ws/install/my_robot_description/lib/python3.12/site-packages:${PYTHONPATH} /usr/bin/python3 -W ignore:setup.py install is deprecated -W ignore:easy_install command is deprecated setup.py egg_info --egg-base ../../build/my_robot_description build --build-base /media/sns/Study/1_RME/Ros2/ros2_ws/build/my_robot_description/build install --record /media/sns/Study/1_RME/Ros2/ros2_ws/build/my_robot_description/install.log --single-version-externally-managed install_data --force
[1.813s] DEBUG:colcon.colcon_core.event_handler.log_command:Invoked command in '/media/sns/Study/1_RME/Ros2/ros2_ws/build/double_pendulum_arm' returned '0': CONDA_PROMPT_MODIFIER=(base) DEBUGINFOD_URLS=https://debuginfod.ubuntu.com PYTHONPATH=/media/sns/Study/1_RME/Ros2/ros2_ws/build/double_pendulum_arm/prefix_override:/usr/lib/python3/dist-packages/colcon_core/task/python/colcon_distutils_commands:/media/sns/Study/1_RME/Ros2/ros2_ws/install/double_pendulum_arm/lib/python3.12/site-packages:${PYTHONPATH} /usr/bin/python3 -W ignore:setup.py install is deprecated -W ignore:easy_install command is deprecated setup.py develop --uninstall --editable --build-directory /media/sns/Study/1_RME/Ros2/ros2_ws/build/double_pendulum_arm/build
[1.813s] DEBUG:colcon.colcon_core.event_handler.log_command:Invoking command in '/media/sns/Study/1_RME/Ros2/ros2_ws/src/double_pendulum_arm': CONDA_PROMPT_MODIFIER=(base) DEBUGINFOD_URLS=https://debuginfod.ubuntu.com PYTHONPATH=/media/sns/Study/1_RME/Ros2/ros2_ws/build/double_pendulum_arm/prefix_override:/usr/lib/python3/dist-packages/colcon_core/task/python/colcon_distutils_commands:/media/sns/Study/1_RME/Ros2/ros2_ws/install/double_pendulum_arm/lib/python3.12/site-packages:${PYTHONPATH} /usr/bin/python3 -W ignore:setup.py install is deprecated -W ignore:easy_install command is deprecated setup.py egg_info --egg-base ../../build/double_pendulum_arm build --build-base /media/sns/Study/1_RME/Ros2/ros2_ws/build/double_pendulum_arm/build install --record /media/sns/Study/1_RME/Ros2/ros2_ws/build/double_pendulum_arm/install.log --single-version-externally-managed install_data --force
[2.168s] Level 1:colcon.colcon_core.environment:checking '/media/sns/Study/1_RME/Ros2/ros2_ws/install/my_robot_description' for CMake module files
[2.168s] DEBUG:colcon.colcon_core.event_handler.log_command:Invoked command in '/media/sns/Study/1_RME/Ros2/ros2_ws/src/my_robot_description' returned '0': CONDA_PROMPT_MODIFIER=(base) DEBUGINFOD_URLS=https://debuginfod.ubuntu.com PYTHONPATH=/media/sns/Study/1_RME/Ros2/ros2_ws/build/my_robot_description/prefix_override:/usr/lib/python3/dist-packages/colcon_core/task/python/colcon_distutils_commands:/media/sns/Study/1_RME/Ros2/ros2_ws/install/my_robot_description/lib/python3.12/site-packages:${PYTHONPATH} /usr/bin/python3 -W ignore:setup.py install is deprecated -W ignore:easy_install command is deprecated setup.py egg_info --egg-base ../../build/my_robot_description build --build-base /media/sns/Study/1_RME/Ros2/ros2_ws/build/my_robot_description/build install --record /media/sns/Study/1_RME/Ros2/ros2_ws/build/my_robot_description/install.log --single-version-externally-managed install_data --force
[2.169s] Level 1:colcon.colcon_core.environment:checking '/media/sns/Study/1_RME/Ros2/ros2_ws/install/my_robot_description' for CMake config files
[2.169s] Level 1:colcon.colcon_core.environment:checking '/media/sns/Study/1_RME/Ros2/ros2_ws/install/my_robot_description/lib'
[2.169s] Level 1:colcon.colcon_core.environment:checking '/media/sns/Study/1_RME/Ros2/ros2_ws/install/my_robot_description/bin'
[2.169s] Level 1:colcon.colcon_core.environment:checking '/media/sns/Study/1_RME/Ros2/ros2_ws/install/my_robot_description/lib/pkgconfig/my_robot_description.pc'
[2.170s] Level 1:colcon.colcon_core.environment:checking '/media/sns/Study/1_RME/Ros2/ros2_ws/install/my_robot_description/lib/python3.12/site-packages'
[2.170s] Level 1:colcon.colcon_core.shell:create_environment_hook('my_robot_description', 'pythonpath')
[2.170s] INFO:colcon.colcon_core.shell:Creating environment hook '/media/sns/Study/1_RME/Ros2/ros2_ws/install/my_robot_description/share/my_robot_description/hook/pythonpath.ps1'
[2.170s] INFO:colcon.colcon_core.shell:Creating environment descriptor '/media/sns/Study/1_RME/Ros2/ros2_ws/install/my_robot_description/share/my_robot_description/hook/pythonpath.dsv'
[2.171s] INFO:colcon.colcon_core.shell:Creating environment hook '/media/sns/Study/1_RME/Ros2/ros2_ws/install/my_robot_description/share/my_robot_description/hook/pythonpath.sh'
[2.171s] Level 1:colcon.colcon_core.environment:checking '/media/sns/Study/1_RME/Ros2/ros2_ws/install/my_robot_description/bin'
[2.171s] Level 1:colcon.colcon_core.environment:create_environment_scripts_only(my_robot_description)
[2.172s] INFO:colcon.colcon_core.shell:Creating package script '/media/sns/Study/1_RME/Ros2/ros2_ws/install/my_robot_description/share/my_robot_description/package.ps1'
[2.172s] INFO:colcon.colcon_core.shell:Creating package descriptor '/media/sns/Study/1_RME/Ros2/ros2_ws/install/my_robot_description/share/my_robot_description/package.dsv'
[2.173s] INFO:colcon.colcon_core.shell:Creating package script '/media/sns/Study/1_RME/Ros2/ros2_ws/install/my_robot_description/share/my_robot_description/package.sh'
[2.173s] INFO:colcon.colcon_core.shell:Creating package script '/media/sns/Study/1_RME/Ros2/ros2_ws/install/my_robot_description/share/my_robot_description/package.bash'
[2.173s] INFO:colcon.colcon_core.shell:Creating package script '/media/sns/Study/1_RME/Ros2/ros2_ws/install/my_robot_description/share/my_robot_description/package.zsh'
[2.174s] Level 1:colcon.colcon_core.environment:create_file_with_runtime_dependencies(/media/sns/Study/1_RME/Ros2/ros2_ws/install/my_robot_description/share/colcon-core/packages/my_robot_description)
[2.200s] Level 1:colcon.colcon_core.environment:checking '/media/sns/Study/1_RME/Ros2/ros2_ws/install/double_pendulum_arm' for CMake module files
[2.201s] Level 1:colcon.colcon_core.environment:checking '/media/sns/Study/1_RME/Ros2/ros2_ws/install/double_pendulum_arm' for CMake config files
[2.201s] DEBUG:colcon.colcon_core.event_handler.log_command:Invoked command in '/media/sns/Study/1_RME/Ros2/ros2_ws/src/double_pendulum_arm' returned '0': CONDA_PROMPT_MODIFIER=(base) DEBUGINFOD_URLS=https://debuginfod.ubuntu.com PYTHONPATH=/media/sns/Study/1_RME/Ros2/ros2_ws/build/double_pendulum_arm/prefix_override:/usr/lib/python3/dist-packages/colcon_core/task/python/colcon_distutils_commands:/media/sns/Study/1_RME/Ros2/ros2_ws/install/double_pendulum_arm/lib/python3.12/site-packages:${PYTHONPATH} /usr/bin/python3 -W ignore:setup.py install is deprecated -W ignore:easy_install command is deprecated setup.py egg_info --egg-base ../../build/double_pendulum_arm build --build-base /media/sns/Study/1_RME/Ros2/ros2_ws/build/double_pendulum_arm/build install --record /media/sns/Study/1_RME/Ros2/ros2_ws/build/double_pendulum_arm/install.log --single-version-externally-managed install_data --force
[2.202s] Level 1:colcon.colcon_core.environment:checking '/media/sns/Study/1_RME/Ros2/ros2_ws/install/double_pendulum_arm/lib'
[2.202s] Level 1:colcon.colcon_core.environment:checking '/media/sns/Study/1_RME/Ros2/ros2_ws/install/double_pendulum_arm/bin'
[2.202s] Level 1:colcon.colcon_core.environment:checking '/media/sns/Study/1_RME/Ros2/ros2_ws/install/double_pendulum_arm/lib/pkgconfig/double_pendulum_arm.pc'
[2.202s] Level 1:colcon.colcon_core.environment:checking '/media/sns/Study/1_RME/Ros2/ros2_ws/install/double_pendulum_arm/lib/python3.12/site-packages'
[2.203s] Level 1:colcon.colcon_core.shell:create_environment_hook('double_pendulum_arm', 'pythonpath')
[2.203s] INFO:colcon.colcon_core.shell:Creating environment hook '/media/sns/Study/1_RME/Ros2/ros2_ws/install/double_pendulum_arm/share/double_pendulum_arm/hook/pythonpath.ps1'
[2.203s] INFO:colcon.colcon_core.shell:Creating environment descriptor '/media/sns/Study/1_RME/Ros2/ros2_ws/install/double_pendulum_arm/share/double_pendulum_arm/hook/pythonpath.dsv'
[2.204s] INFO:colcon.colcon_core.shell:Creating environment hook '/media/sns/Study/1_RME/Ros2/ros2_ws/install/double_pendulum_arm/share/double_pendulum_arm/hook/pythonpath.sh'
[2.204s] Level 1:colcon.colcon_core.environment:checking '/media/sns/Study/1_RME/Ros2/ros2_ws/install/double_pendulum_arm/bin'
[2.204s] Level 1:colcon.colcon_core.environment:create_environment_scripts_only(double_pendulum_arm)
[2.205s] INFO:colcon.colcon_core.shell:Creating package script '/media/sns/Study/1_RME/Ros2/ros2_ws/install/double_pendulum_arm/share/double_pendulum_arm/package.ps1'
[2.205s] INFO:colcon.colcon_core.shell:Creating package descriptor '/media/sns/Study/1_RME/Ros2/ros2_ws/install/double_pendulum_arm/share/double_pendulum_arm/package.dsv'
[2.206s] INFO:colcon.colcon_core.shell:Creating package script '/media/sns/Study/1_RME/Ros2/ros2_ws/install/double_pendulum_arm/share/double_pendulum_arm/package.sh'
[2.206s] INFO:colcon.colcon_core.shell:Creating package script '/media/sns/Study/1_RME/Ros2/ros2_ws/install/double_pendulum_arm/share/double_pendulum_arm/package.bash'
[2.206s] INFO:colcon.colcon_core.shell:Creating package script '/media/sns/Study/1_RME/Ros2/ros2_ws/install/double_pendulum_arm/share/double_pendulum_arm/package.zsh'
[2.207s] Level 1:colcon.colcon_core.environment:create_file_with_runtime_dependencies(/media/sns/Study/1_RME/Ros2/ros2_ws/install/double_pendulum_arm/share/colcon-core/packages/double_pendulum_arm)
[2.207s] DEBUG:colcon.colcon_parallel_executor.executor.parallel:closing loop
[2.207s] DEBUG:colcon.colcon_parallel_executor.executor.parallel:loop closed
[2.207s] DEBUG:colcon.colcon_parallel_executor.executor.parallel:run_until_complete finished with '0'
[2.208s] DEBUG:colcon.colcon_core.event_reactor:joining thread
[2.214s] INFO:colcon.colcon_core.plugin_system:Skipping extension 'colcon_notification.desktop_notification.terminal_notifier': Not used on non-Darwin systems
[2.214s] INFO:colcon.colcon_core.plugin_system:Skipping extension 'colcon_notification.desktop_notification.win32': Not used on non-Windows systems
[2.214s] INFO:colcon.colcon_notification.desktop_notification:Sending desktop notification using 'notify2'
[2.225s] DEBUG:colcon.colcon_core.event_reactor:joined thread
[2.226s] INFO:colcon.colcon_core.shell:Creating prefix script '/media/sns/Study/1_RME/Ros2/ros2_ws/install/local_setup.ps1'
[2.226s] INFO:colcon.colcon_core.shell:Creating prefix util module '/media/sns/Study/1_RME/Ros2/ros2_ws/install/_local_setup_util_ps1.py'
[2.227s] INFO:colcon.colcon_core.shell:Creating prefix chain script '/media/sns/Study/1_RME/Ros2/ros2_ws/install/setup.ps1'
[2.229s] INFO:colcon.colcon_core.shell:Creating prefix script '/media/sns/Study/1_RME/Ros2/ros2_ws/install/local_setup.sh'
[2.229s] INFO:colcon.colcon_core.shell:Creating prefix util module '/media/sns/Study/1_RME/Ros2/ros2_ws/install/_local_setup_util_sh.py'
[2.229s] INFO:colcon.colcon_core.shell:Creating prefix chain script '/media/sns/Study/1_RME/Ros2/ros2_ws/install/setup.sh'
[2.230s] INFO:colcon.colcon_core.shell:Creating prefix script '/media/sns/Study/1_RME/Ros2/ros2_ws/install/local_setup.bash'
[2.230s] INFO:colcon.colcon_core.shell:Creating prefix chain script '/media/sns/Study/1_RME/Ros2/ros2_ws/install/setup.bash'
[2.230s] INFO:colcon.colcon_core.shell:Creating prefix script '/media/sns/Study/1_RME/Ros2/ros2_ws/install/local_setup.zsh'
[2.231s] INFO:colcon.colcon_core.shell:Creating prefix chain script '/media/sns/Study/1_RME/Ros2/ros2_ws/install/setup.zsh'
