[0.087s] DEBUG:colcon:Command line arguments: ['/usr/bin/colcon', 'build', '--symlink-install']
[0.087s] DEBUG:colcon:Parsed command line arguments: Namespace(log_base=None, log_level=None, verb_name='build', build_base='build', install_base='install', merge_install=False, symlink_install=True, test_result_base=None, continue_on_error=False, executor='parallel', parallel_workers=16, event_handlers=None, ignore_user_meta=False, metas=['./colcon.meta'], base_paths=['.'], packages_ignore=None, packages_ignore_regex=None, paths=None, packages_up_to=None, packages_up_to_regex=None, packages_above=None, packages_above_and_dependencies=None, packages_above_depth=None, packages_select_by_dep=None, packages_skip_by_dep=None, packages_skip_up_to=None, packages_select_build_failed=False, packages_skip_build_finished=False, packages_select_test_failures=False, packages_skip_test_passed=False, packages_select=None, packages_skip=None, packages_select_regex=None, packages_skip_regex=None, packages_start=None, packages_end=None, allow_overriding=[], cmake_args=None, cmake_target=None, cmake_target_skip_unavailable=False, cmake_clean_cache=False, cmake_clean_first=False, cmake_force_configure=False, ament_cmake_args=None, catkin_cmake_args=None, catkin_skip_building_tests=False, mixin_files=None, mixin=None, verb_parser=<colcon_mixin.mixin.mixin_argument.MixinArgumentDecorator object at 0x745742646b40>, verb_extension=<colcon_core.verb.build.BuildVerb object at 0x7457425e8b90>, main=<bound method BuildVerb.main of <colcon_core.verb.build.BuildVerb object at 0x7457425e8b90>>, mixin_verb=('build',))
[0.114s] Level 1:colcon.colcon_core.package_discovery:discover_packages(colcon_meta) check parameters
[0.114s] Level 1:colcon.colcon_core.package_discovery:discover_packages(recursive) check parameters
[0.114s] Level 1:colcon.colcon_core.package_discovery:discover_packages(ignore) check parameters
[0.114s] Level 1:colcon.colcon_core.package_discovery:discover_packages(path) check parameters
[0.114s] Level 1:colcon.colcon_core.package_discovery:discover_packages(colcon_meta) discover
[0.114s] Level 1:colcon.colcon_core.package_discovery:discover_packages(recursive) discover
[0.114s] INFO:colcon.colcon_core.package_discovery:Crawling recursively for packages in '/media/sns/Study/1_RME/Ros2/ros2_ws'
[0.114s] Level 1:colcon.colcon_core.package_identification:_identify(.) by extensions ['ignore', 'ignore_ament_install']
[0.114s] Level 1:colcon.colcon_core.package_identification:_identify(.) by extension 'ignore'
[0.114s] Level 1:colcon.colcon_core.package_identification:_identify(.) by extension 'ignore_ament_install'
[0.115s] Level 1:colcon.colcon_core.package_identification:_identify(.) by extensions ['colcon_pkg']
[0.115s] Level 1:colcon.colcon_core.package_identification:_identify(.) by extension 'colcon_pkg'
[0.115s] Level 1:colcon.colcon_core.package_identification:_identify(.) by extensions ['colcon_meta']
[0.115s] Level 1:colcon.colcon_core.package_identification:_identify(.) by extension 'colcon_meta'
[0.115s] Level 1:colcon.colcon_core.package_identification:_identify(.) by extensions ['ros']
[0.115s] Level 1:colcon.colcon_core.package_identification:_identify(.) by extension 'ros'
[0.137s] Level 1:colcon.colcon_core.package_identification:_identify(.) by extensions ['cmake', 'python']
[0.137s] Level 1:colcon.colcon_core.package_identification:_identify(.) by extension 'cmake'
[0.137s] Level 1:colcon.colcon_core.package_identification:_identify(.) by extension 'python'
[0.137s] Level 1:colcon.colcon_core.package_identification:_identify(.) by extensions ['python_setup_py']
[0.137s] Level 1:colcon.colcon_core.package_identification:_identify(.) by extension 'python_setup_py'
[0.137s] Level 1:colcon.colcon_core.package_identification:_identify(build) by extensions ['ignore', 'ignore_ament_install']
[0.137s] Level 1:colcon.colcon_core.package_identification:_identify(build) by extension 'ignore'
[0.137s] Level 1:colcon.colcon_core.package_identification:_identify(build) ignored
[0.137s] Level 1:colcon.colcon_core.package_identification:_identify(install) by extensions ['ignore', 'ignore_ament_install']
[0.137s] Level 1:colcon.colcon_core.package_identification:_identify(install) by extension 'ignore'
[0.137s] Level 1:colcon.colcon_core.package_identification:_identify(install) ignored
[0.137s] Level 1:colcon.colcon_core.package_identification:_identify(log) by extensions ['ignore', 'ignore_ament_install']
[0.138s] Level 1:colcon.colcon_core.package_identification:_identify(log) by extension 'ignore'
[0.138s] Level 1:colcon.colcon_core.package_identification:_identify(log) ignored
[0.138s] Level 1:colcon.colcon_core.package_identification:_identify(src) by extensions ['ignore', 'ignore_ament_install']
[0.138s] Level 1:colcon.colcon_core.package_identification:_identify(src) by extension 'ignore'
[0.138s] Level 1:colcon.colcon_core.package_identification:_identify(src) by extension 'ignore_ament_install'
[0.138s] Level 1:colcon.colcon_core.package_identification:_identify(src) by extensions ['colcon_pkg']
[0.138s] Level 1:colcon.colcon_core.package_identification:_identify(src) by extension 'colcon_pkg'
[0.138s] Level 1:colcon.colcon_core.package_identification:_identify(src) by extensions ['colcon_meta']
[0.138s] Level 1:colcon.colcon_core.package_identification:_identify(src) by extension 'colcon_meta'
[0.138s] Level 1:colcon.colcon_core.package_identification:_identify(src) by extensions ['ros']
[0.138s] Level 1:colcon.colcon_core.package_identification:_identify(src) by extension 'ros'
[0.138s] Level 1:colcon.colcon_core.package_identification:_identify(src) by extensions ['cmake', 'python']
[0.138s] Level 1:colcon.colcon_core.package_identification:_identify(src) by extension 'cmake'
[0.138s] Level 1:colcon.colcon_core.package_identification:_identify(src) by extension 'python'
[0.138s] Level 1:colcon.colcon_core.package_identification:_identify(src) by extensions ['python_setup_py']
[0.138s] Level 1:colcon.colcon_core.package_identification:_identify(src) by extension 'python_setup_py'
[0.138s] Level 1:colcon.colcon_core.package_identification:_identify(src/double_pendulum_arm) by extensions ['ignore', 'ignore_ament_install']
[0.138s] Level 1:colcon.colcon_core.package_identification:_identify(src/double_pendulum_arm) by extension 'ignore'
[0.138s] Level 1:colcon.colcon_core.package_identification:_identify(src/double_pendulum_arm) by extension 'ignore_ament_install'
[0.138s] Level 1:colcon.colcon_core.package_identification:_identify(src/double_pendulum_arm) by extensions ['colcon_pkg']
[0.138s] Level 1:colcon.colcon_core.package_identification:_identify(src/double_pendulum_arm) by extension 'colcon_pkg'
[0.138s] Level 1:colcon.colcon_core.package_identification:_identify(src/double_pendulum_arm) by extensions ['colcon_meta']
[0.138s] Level 1:colcon.colcon_core.package_identification:_identify(src/double_pendulum_arm) by extension 'colcon_meta'
[0.138s] Level 1:colcon.colcon_core.package_identification:_identify(src/double_pendulum_arm) by extensions ['ros']
[0.138s] Level 1:colcon.colcon_core.package_identification:_identify(src/double_pendulum_arm) by extension 'ros'
[0.140s] DEBUG:colcon.colcon_core.package_identification:Package 'src/double_pendulum_arm' with type 'ros.ament_python' and name 'double_pendulum_arm'
[0.140s] Level 1:colcon.colcon_core.package_identification:_identify(src/my_robot_description) by extensions ['ignore', 'ignore_ament_install']
[0.140s] Level 1:colcon.colcon_core.package_identification:_identify(src/my_robot_description) by extension 'ignore'
[0.140s] Level 1:colcon.colcon_core.package_identification:_identify(src/my_robot_description) by extension 'ignore_ament_install'
[0.140s] Level 1:colcon.colcon_core.package_identification:_identify(src/my_robot_description) by extensions ['colcon_pkg']
[0.140s] Level 1:colcon.colcon_core.package_identification:_identify(src/my_robot_description) by extension 'colcon_pkg'
[0.140s] Level 1:colcon.colcon_core.package_identification:_identify(src/my_robot_description) by extensions ['colcon_meta']
[0.140s] Level 1:colcon.colcon_core.package_identification:_identify(src/my_robot_description) by extension 'colcon_meta'
[0.140s] Level 1:colcon.colcon_core.package_identification:_identify(src/my_robot_description) by extensions ['ros']
[0.140s] Level 1:colcon.colcon_core.package_identification:_identify(src/my_robot_description) by extension 'ros'
[0.140s] DEBUG:colcon.colcon_core.package_identification:Package 'src/my_robot_description' with type 'ros.ament_python' and name 'my_robot_description'
[0.140s] Level 1:colcon.colcon_core.package_identification:_identify(src/nodes_topics_demo) by extensions ['ignore', 'ignore_ament_install']
[0.141s] Level 1:colcon.colcon_core.package_identification:_identify(src/nodes_topics_demo) by extension 'ignore'
[0.141s] Level 1:colcon.colcon_core.package_identification:_identify(src/nodes_topics_demo) by extension 'ignore_ament_install'
[0.141s] Level 1:colcon.colcon_core.package_identification:_identify(src/nodes_topics_demo) by extensions ['colcon_pkg']
[0.141s] Level 1:colcon.colcon_core.package_identification:_identify(src/nodes_topics_demo) by extension 'colcon_pkg'
[0.141s] Level 1:colcon.colcon_core.package_identification:_identify(src/nodes_topics_demo) by extensions ['colcon_meta']
[0.141s] Level 1:colcon.colcon_core.package_identification:_identify(src/nodes_topics_demo) by extension 'colcon_meta'
[0.141s] Level 1:colcon.colcon_core.package_identification:_identify(src/nodes_topics_demo) by extensions ['ros']
[0.141s] Level 1:colcon.colcon_core.package_identification:_identify(src/nodes_topics_demo) by extension 'ros'
[0.141s] DEBUG:colcon.colcon_core.package_identification:Package 'src/nodes_topics_demo' with type 'ros.ament_python' and name 'nodes_topics_demo'
[0.141s] Level 1:colcon.colcon_core.package_identification:_identify(src/qos_demo) by extensions ['ignore', 'ignore_ament_install']
[0.141s] Level 1:colcon.colcon_core.package_identification:_identify(src/qos_demo) by extension 'ignore'
[0.141s] Level 1:colcon.colcon_core.package_identification:_identify(src/qos_demo) by extension 'ignore_ament_install'
[0.141s] Level 1:colcon.colcon_core.package_identification:_identify(src/qos_demo) by extensions ['colcon_pkg']
[0.141s] Level 1:colcon.colcon_core.package_identification:_identify(src/qos_demo) by extension 'colcon_pkg'
[0.141s] Level 1:colcon.colcon_core.package_identification:_identify(src/qos_demo) by extensions ['colcon_meta']
[0.141s] Level 1:colcon.colcon_core.package_identification:_identify(src/qos_demo) by extension 'colcon_meta'
[0.141s] Level 1:colcon.colcon_core.package_identification:_identify(src/qos_demo) by extensions ['ros']
[0.141s] Level 1:colcon.colcon_core.package_identification:_identify(src/qos_demo) by extension 'ros'
[0.142s] DEBUG:colcon.colcon_core.package_identification:Package 'src/qos_demo' with type 'ros.ament_python' and name 'qos_demo'
[0.142s] Level 1:colcon.colcon_core.package_identification:_identify(src/triple-pendulum) by extensions ['ignore', 'ignore_ament_install']
[0.142s] Level 1:colcon.colcon_core.package_identification:_identify(src/triple-pendulum) by extension 'ignore'
[0.142s] Level 1:colcon.colcon_core.package_identification:_identify(src/triple-pendulum) by extension 'ignore_ament_install'
[0.142s] Level 1:colcon.colcon_core.package_identification:_identify(src/triple-pendulum) by extensions ['colcon_pkg']
[0.142s] Level 1:colcon.colcon_core.package_identification:_identify(src/triple-pendulum) by extension 'colcon_pkg'
[0.142s] Level 1:colcon.colcon_core.package_identification:_identify(src/triple-pendulum) by extensions ['colcon_meta']
[0.142s] Level 1:colcon.colcon_core.package_identification:_identify(src/triple-pendulum) by extension 'colcon_meta'
[0.142s] Level 1:colcon.colcon_core.package_identification:_identify(src/triple-pendulum) by extensions ['ros']
[0.142s] Level 1:colcon.colcon_core.package_identification:_identify(src/triple-pendulum) by extension 'ros'
[0.142s] DEBUG:colcon.colcon_core.package_identification:Package 'src/triple-pendulum' with type 'ros.ament_python' and name 'triple-pendulum'
[0.142s] Level 1:colcon.colcon_core.package_discovery:discover_packages(recursive) using defaults
[0.142s] Level 1:colcon.colcon_core.package_discovery:discover_packages(ignore) discover
[0.142s] Level 1:colcon.colcon_core.package_discovery:discover_packages(ignore) using defaults
[0.142s] Level 1:colcon.colcon_core.package_discovery:discover_packages(path) discover
[0.142s] Level 1:colcon.colcon_core.package_discovery:discover_packages(path) using defaults
[0.156s] Level 1:colcon.colcon_core.package_discovery:discover_packages(prefix_path) check parameters
[0.157s] Level 1:colcon.colcon_core.package_discovery:discover_packages(prefix_path) discover
[0.158s] DEBUG:colcon.colcon_installed_package_information.package_discovery:Found 4 installed packages in /media/sns/Study/1_RME/Ros2/ros2_ws/install
[0.159s] DEBUG:colcon.colcon_installed_package_information.package_discovery:Found 387 installed packages in /opt/ros/jazzy
[0.160s] Level 1:colcon.colcon_core.package_discovery:discover_packages(prefix_path) using defaults
[0.188s] Level 5:colcon.colcon_core.verb:set package 'double_pendulum_arm' build argument 'cmake_args' from command line to 'None'
[0.188s] Level 5:colcon.colcon_core.verb:set package 'double_pendulum_arm' build argument 'cmake_target' from command line to 'None'
[0.188s] Level 5:colcon.colcon_core.verb:set package 'double_pendulum_arm' build argument 'cmake_target_skip_unavailable' from command line to 'False'
[0.188s] Level 5:colcon.colcon_core.verb:set package 'double_pendulum_arm' build argument 'cmake_clean_cache' from command line to 'False'
[0.188s] Level 5:colcon.colcon_core.verb:set package 'double_pendulum_arm' build argument 'cmake_clean_first' from command line to 'False'
[0.188s] Level 5:colcon.colcon_core.verb:set package 'double_pendulum_arm' build argument 'cmake_force_configure' from command line to 'False'
[0.188s] Level 5:colcon.colcon_core.verb:set package 'double_pendulum_arm' build argument 'ament_cmake_args' from command line to 'None'
[0.188s] Level 5:colcon.colcon_core.verb:set package 'double_pendulum_arm' build argument 'catkin_cmake_args' from command line to 'None'
[0.188s] Level 5:colcon.colcon_core.verb:set package 'double_pendulum_arm' build argument 'catkin_skip_building_tests' from command line to 'False'
[0.188s] DEBUG:colcon.colcon_core.verb:Building package 'double_pendulum_arm' with the following arguments: {'ament_cmake_args': None, 'build_base': '/media/sns/Study/1_RME/Ros2/ros2_ws/build/double_pendulum_arm', 'catkin_cmake_args': None, 'catkin_skip_building_tests': False, 'cmake_args': None, 'cmake_clean_cache': False, 'cmake_clean_first': False, 'cmake_force_configure': False, 'cmake_target': None, 'cmake_target_skip_unavailable': False, 'install_base': '/media/sns/Study/1_RME/Ros2/ros2_ws/install/double_pendulum_arm', 'merge_install': False, 'path': '/media/sns/Study/1_RME/Ros2/ros2_ws/src/double_pendulum_arm', 'symlink_install': True, 'test_result_base': None}
[0.189s] Level 5:colcon.colcon_core.verb:set package 'my_robot_description' build argument 'cmake_args' from command line to 'None'
[0.189s] Level 5:colcon.colcon_core.verb:set package 'my_robot_description' build argument 'cmake_target' from command line to 'None'
[0.189s] Level 5:colcon.colcon_core.verb:set package 'my_robot_description' build argument 'cmake_target_skip_unavailable' from command line to 'False'
[0.189s] Level 5:colcon.colcon_core.verb:set package 'my_robot_description' build argument 'cmake_clean_cache' from command line to 'False'
[0.189s] Level 5:colcon.colcon_core.verb:set package 'my_robot_description' build argument 'cmake_clean_first' from command line to 'False'
[0.189s] Level 5:colcon.colcon_core.verb:set package 'my_robot_description' build argument 'cmake_force_configure' from command line to 'False'
[0.189s] Level 5:colcon.colcon_core.verb:set package 'my_robot_description' build argument 'ament_cmake_args' from command line to 'None'
[0.189s] Level 5:colcon.colcon_core.verb:set package 'my_robot_description' build argument 'catkin_cmake_args' from command line to 'None'
[0.189s] Level 5:colcon.colcon_core.verb:set package 'my_robot_description' build argument 'catkin_skip_building_tests' from command line to 'False'
[0.189s] DEBUG:colcon.colcon_core.verb:Building package 'my_robot_description' with the following arguments: {'ament_cmake_args': None, 'build_base': '/media/sns/Study/1_RME/Ros2/ros2_ws/build/my_robot_description', 'catkin_cmake_args': None, 'catkin_skip_building_tests': False, 'cmake_args': None, 'cmake_clean_cache': False, 'cmake_clean_first': False, 'cmake_force_configure': False, 'cmake_target': None, 'cmake_target_skip_unavailable': False, 'install_base': '/media/sns/Study/1_RME/Ros2/ros2_ws/install/my_robot_description', 'merge_install': False, 'path': '/media/sns/Study/1_RME/Ros2/ros2_ws/src/my_robot_description', 'symlink_install': True, 'test_result_base': None}
[0.189s] Level 5:colcon.colcon_core.verb:set package 'nodes_topics_demo' build argument 'cmake_args' from command line to 'None'
[0.189s] Level 5:colcon.colcon_core.verb:set package 'nodes_topics_demo' build argument 'cmake_target' from command line to 'None'
[0.189s] Level 5:colcon.colcon_core.verb:set package 'nodes_topics_demo' build argument 'cmake_target_skip_unavailable' from command line to 'False'
[0.189s] Level 5:colcon.colcon_core.verb:set package 'nodes_topics_demo' build argument 'cmake_clean_cache' from command line to 'False'
[0.189s] Level 5:colcon.colcon_core.verb:set package 'nodes_topics_demo' build argument 'cmake_clean_first' from command line to 'False'
[0.189s] Level 5:colcon.colcon_core.verb:set package 'nodes_topics_demo' build argument 'cmake_force_configure' from command line to 'False'
[0.189s] Level 5:colcon.colcon_core.verb:set package 'nodes_topics_demo' build argument 'ament_cmake_args' from command line to 'None'
[0.189s] Level 5:colcon.colcon_core.verb:set package 'nodes_topics_demo' build argument 'catkin_cmake_args' from command line to 'None'
[0.189s] Level 5:colcon.colcon_core.verb:set package 'nodes_topics_demo' build argument 'catkin_skip_building_tests' from command line to 'False'
[0.189s] DEBUG:colcon.colcon_core.verb:Building package 'nodes_topics_demo' with the following arguments: {'ament_cmake_args': None, 'build_base': '/media/sns/Study/1_RME/Ros2/ros2_ws/build/nodes_topics_demo', 'catkin_cmake_args': None, 'catkin_skip_building_tests': False, 'cmake_args': None, 'cmake_clean_cache': False, 'cmake_clean_first': False, 'cmake_force_configure': False, 'cmake_target': None, 'cmake_target_skip_unavailable': False, 'install_base': '/media/sns/Study/1_RME/Ros2/ros2_ws/install/nodes_topics_demo', 'merge_install': False, 'path': '/media/sns/Study/1_RME/Ros2/ros2_ws/src/nodes_topics_demo', 'symlink_install': True, 'test_result_base': None}
[0.189s] Level 5:colcon.colcon_core.verb:set package 'qos_demo' build argument 'cmake_args' from command line to 'None'
[0.189s] Level 5:colcon.colcon_core.verb:set package 'qos_demo' build argument 'cmake_target' from command line to 'None'
[0.189s] Level 5:colcon.colcon_core.verb:set package 'qos_demo' build argument 'cmake_target_skip_unavailable' from command line to 'False'
[0.189s] Level 5:colcon.colcon_core.verb:set package 'qos_demo' build argument 'cmake_clean_cache' from command line to 'False'
[0.189s] Level 5:colcon.colcon_core.verb:set package 'qos_demo' build argument 'cmake_clean_first' from command line to 'False'
[0.189s] Level 5:colcon.colcon_core.verb:set package 'qos_demo' build argument 'cmake_force_configure' from command line to 'False'
[0.189s] Level 5:colcon.colcon_core.verb:set package 'qos_demo' build argument 'ament_cmake_args' from command line to 'None'
[0.189s] Level 5:colcon.colcon_core.verb:set package 'qos_demo' build argument 'catkin_cmake_args' from command line to 'None'
[0.189s] Level 5:colcon.colcon_core.verb:set package 'qos_demo' build argument 'catkin_skip_building_tests' from command line to 'False'
[0.189s] DEBUG:colcon.colcon_core.verb:Building package 'qos_demo' with the following arguments: {'ament_cmake_args': None, 'build_base': '/media/sns/Study/1_RME/Ros2/ros2_ws/build/qos_demo', 'catkin_cmake_args': None, 'catkin_skip_building_tests': False, 'cmake_args': None, 'cmake_clean_cache': False, 'cmake_clean_first': False, 'cmake_force_configure': False, 'cmake_target': None, 'cmake_target_skip_unavailable': False, 'install_base': '/media/sns/Study/1_RME/Ros2/ros2_ws/install/qos_demo', 'merge_install': False, 'path': '/media/sns/Study/1_RME/Ros2/ros2_ws/src/qos_demo', 'symlink_install': True, 'test_result_base': None}
[0.189s] Level 5:colcon.colcon_core.verb:set package 'triple-pendulum' build argument 'cmake_args' from command line to 'None'
[0.189s] Level 5:colcon.colcon_core.verb:set package 'triple-pendulum' build argument 'cmake_target' from command line to 'None'
[0.189s] Level 5:colcon.colcon_core.verb:set package 'triple-pendulum' build argument 'cmake_target_skip_unavailable' from command line to 'False'
[0.189s] Level 5:colcon.colcon_core.verb:set package 'triple-pendulum' build argument 'cmake_clean_cache' from command line to 'False'
[0.189s] Level 5:colcon.colcon_core.verb:set package 'triple-pendulum' build argument 'cmake_clean_first' from command line to 'False'
[0.189s] Level 5:colcon.colcon_core.verb:set package 'triple-pendulum' build argument 'cmake_force_configure' from command line to 'False'
[0.189s] Level 5:colcon.colcon_core.verb:set package 'triple-pendulum' build argument 'ament_cmake_args' from command line to 'None'
[0.190s] Level 5:colcon.colcon_core.verb:set package 'triple-pendulum' build argument 'catkin_cmake_args' from command line to 'None'
[0.190s] Level 5:colcon.colcon_core.verb:set package 'triple-pendulum' build argument 'catkin_skip_building_tests' from command line to 'False'
[0.190s] DEBUG:colcon.colcon_core.verb:Building package 'triple-pendulum' with the following arguments: {'ament_cmake_args': None, 'build_base': '/media/sns/Study/1_RME/Ros2/ros2_ws/build/triple-pendulum', 'catkin_cmake_args': None, 'catkin_skip_building_tests': False, 'cmake_args': None, 'cmake_clean_cache': False, 'cmake_clean_first': False, 'cmake_force_configure': False, 'cmake_target': None, 'cmake_target_skip_unavailable': False, 'install_base': '/media/sns/Study/1_RME/Ros2/ros2_ws/install/triple-pendulum', 'merge_install': False, 'path': '/media/sns/Study/1_RME/Ros2/ros2_ws/src/triple-pendulum', 'symlink_install': True, 'test_result_base': None}
[0.190s] INFO:colcon.colcon_core.executor:Executing jobs using 'parallel' executor
[0.191s] DEBUG:colcon.colcon_parallel_executor.executor.parallel:run_until_complete
[0.191s] INFO:colcon.colcon_ros.task.ament_python.build:Building ROS package in '/media/sns/Study/1_RME/Ros2/ros2_ws/src/double_pendulum_arm' with build type 'ament_python'
[0.191s] Level 1:colcon.colcon_core.shell:create_environment_hook('double_pendulum_arm', 'ament_prefix_path')
[0.193s] INFO:colcon.colcon_core.plugin_system:Skipping extension 'colcon_core.shell.bat': Not used on non-Windows systems
[0.193s] INFO:colcon.colcon_core.shell:Creating environment hook '/media/sns/Study/1_RME/Ros2/ros2_ws/install/double_pendulum_arm/share/double_pendulum_arm/hook/ament_prefix_path.ps1'
[0.194s] INFO:colcon.colcon_core.shell:Creating environment descriptor '/media/sns/Study/1_RME/Ros2/ros2_ws/install/double_pendulum_arm/share/double_pendulum_arm/hook/ament_prefix_path.dsv'
[0.194s] INFO:colcon.colcon_core.shell:Creating environment hook '/media/sns/Study/1_RME/Ros2/ros2_ws/install/double_pendulum_arm/share/double_pendulum_arm/hook/ament_prefix_path.sh'
[0.194s] INFO:colcon.colcon_core.shell:Skip shell extension 'powershell' for command environment: Not usable outside of PowerShell
[0.194s] DEBUG:colcon.colcon_core.shell:Skip shell extension 'dsv' for command environment
[0.197s] INFO:colcon.colcon_ros.task.ament_python.build:Building ROS package in '/media/sns/Study/1_RME/Ros2/ros2_ws/src/my_robot_description' with build type 'ament_python'
[0.197s] Level 1:colcon.colcon_core.shell:create_environment_hook('my_robot_description', 'ament_prefix_path')
[0.197s] INFO:colcon.colcon_core.shell:Creating environment hook '/media/sns/Study/1_RME/Ros2/ros2_ws/install/my_robot_description/share/my_robot_description/hook/ament_prefix_path.ps1'
[0.198s] INFO:colcon.colcon_core.shell:Creating environment descriptor '/media/sns/Study/1_RME/Ros2/ros2_ws/install/my_robot_description/share/my_robot_description/hook/ament_prefix_path.dsv'
[0.198s] INFO:colcon.colcon_core.shell:Creating environment hook '/media/sns/Study/1_RME/Ros2/ros2_ws/install/my_robot_description/share/my_robot_description/hook/ament_prefix_path.sh'
[0.198s] INFO:colcon.colcon_core.shell:Skip shell extension 'powershell' for command environment: Not usable outside of PowerShell
[0.198s] DEBUG:colcon.colcon_core.shell:Skip shell extension 'dsv' for command environment
[0.200s] INFO:colcon.colcon_ros.task.ament_python.build:Building ROS package in '/media/sns/Study/1_RME/Ros2/ros2_ws/src/nodes_topics_demo' with build type 'ament_python'
[0.200s] Level 1:colcon.colcon_core.shell:create_environment_hook('nodes_topics_demo', 'ament_prefix_path')
[0.200s] INFO:colcon.colcon_core.shell:Creating environment hook '/media/sns/Study/1_RME/Ros2/ros2_ws/install/nodes_topics_demo/share/nodes_topics_demo/hook/ament_prefix_path.ps1'
[0.200s] INFO:colcon.colcon_core.shell:Creating environment descriptor '/media/sns/Study/1_RME/Ros2/ros2_ws/install/nodes_topics_demo/share/nodes_topics_demo/hook/ament_prefix_path.dsv'
[0.200s] INFO:colcon.colcon_core.shell:Creating environment hook '/media/sns/Study/1_RME/Ros2/ros2_ws/install/nodes_topics_demo/share/nodes_topics_demo/hook/ament_prefix_path.sh'
[0.201s] INFO:colcon.colcon_core.shell:Skip shell extension 'powershell' for command environment: Not usable outside of PowerShell
[0.201s] DEBUG:colcon.colcon_core.shell:Skip shell extension 'dsv' for command environment
[0.203s] INFO:colcon.colcon_ros.task.ament_python.build:Building ROS package in '/media/sns/Study/1_RME/Ros2/ros2_ws/src/qos_demo' with build type 'ament_python'
[0.203s] Level 1:colcon.colcon_core.shell:create_environment_hook('qos_demo', 'ament_prefix_path')
[0.203s] INFO:colcon.colcon_core.shell:Creating environment hook '/media/sns/Study/1_RME/Ros2/ros2_ws/install/qos_demo/share/qos_demo/hook/ament_prefix_path.ps1'
[0.203s] INFO:colcon.colcon_core.shell:Creating environment descriptor '/media/sns/Study/1_RME/Ros2/ros2_ws/install/qos_demo/share/qos_demo/hook/ament_prefix_path.dsv'
[0.203s] INFO:colcon.colcon_core.shell:Creating environment hook '/media/sns/Study/1_RME/Ros2/ros2_ws/install/qos_demo/share/qos_demo/hook/ament_prefix_path.sh'
[0.203s] INFO:colcon.colcon_core.shell:Skip shell extension 'powershell' for command environment: Not usable outside of PowerShell
[0.203s] DEBUG:colcon.colcon_core.shell:Skip shell extension 'dsv' for command environment
[0.205s] INFO:colcon.colcon_ros.task.ament_python.build:Building ROS package in '/media/sns/Study/1_RME/Ros2/ros2_ws/src/triple-pendulum' with build type 'ament_python'
[0.205s] Level 1:colcon.colcon_core.shell:create_environment_hook('triple-pendulum', 'ament_prefix_path')
[0.205s] INFO:colcon.colcon_core.shell:Creating environment hook '/media/sns/Study/1_RME/Ros2/ros2_ws/install/triple-pendulum/share/triple-pendulum/hook/ament_prefix_path.ps1'
[0.207s] INFO:colcon.colcon_core.shell:Creating environment descriptor '/media/sns/Study/1_RME/Ros2/ros2_ws/install/triple-pendulum/share/triple-pendulum/hook/ament_prefix_path.dsv'
[0.207s] INFO:colcon.colcon_core.shell:Creating environment hook '/media/sns/Study/1_RME/Ros2/ros2_ws/install/triple-pendulum/share/triple-pendulum/hook/ament_prefix_path.sh'
[0.207s] INFO:colcon.colcon_core.shell:Skip shell extension 'powershell' for command environment: Not usable outside of PowerShell
[0.207s] DEBUG:colcon.colcon_core.shell:Skip shell extension 'dsv' for command environment
[0.370s] INFO:colcon.colcon_core.task.python.build:Building Python package in '/media/sns/Study/1_RME/Ros2/ros2_ws/src/double_pendulum_arm'
[0.370s] INFO:colcon.colcon_core.shell:Skip shell extension 'powershell' for command environment: Not usable outside of PowerShell
[0.370s] DEBUG:colcon.colcon_core.shell:Skip shell extension 'dsv' for command environment
[0.542s] INFO:colcon.colcon_core.task.python.build:Building Python package in '/media/sns/Study/1_RME/Ros2/ros2_ws/src/my_robot_description'
[0.542s] INFO:colcon.colcon_core.shell:Skip shell extension 'powershell' for command environment: Not usable outside of PowerShell
[0.543s] DEBUG:colcon.colcon_core.shell:Skip shell extension 'dsv' for command environment
[0.708s] INFO:colcon.colcon_core.task.python.build:Building Python package in '/media/sns/Study/1_RME/Ros2/ros2_ws/src/nodes_topics_demo'
[0.708s] INFO:colcon.colcon_core.shell:Skip shell extension 'powershell' for command environment: Not usable outside of PowerShell
[0.708s] DEBUG:colcon.colcon_core.shell:Skip shell extension 'dsv' for command environment
[0.854s] INFO:colcon.colcon_core.task.python.build:Building Python package in '/media/sns/Study/1_RME/Ros2/ros2_ws/src/qos_demo'
[0.854s] INFO:colcon.colcon_core.shell:Skip shell extension 'powershell' for command environment: Not usable outside of PowerShell
[0.854s] DEBUG:colcon.colcon_core.shell:Skip shell extension 'dsv' for command environment
[1.017s] INFO:colcon.colcon_core.task.python.build:Building Python package in '/media/sns/Study/1_RME/Ros2/ros2_ws/src/triple-pendulum'
[1.018s] INFO:colcon.colcon_core.shell:Skip shell extension 'powershell' for command environment: Not usable outside of PowerShell
[1.018s] DEBUG:colcon.colcon_core.shell:Skip shell extension 'dsv' for command environment
[1.562s] DEBUG:colcon.colcon_core.task.python.build:While undoing a previous installation files outside the Python library path are being ignored: /media/sns/Study/1_RME/Ros2/ros2_ws/install/double_pendulum_arm/share/ament_index/resource_index/packages/double_pendulum_arm
[1.562s] DEBUG:colcon.colcon_core.task.python.build:While undoing a previous installation files outside the Python library path are being ignored: /media/sns/Study/1_RME/Ros2/ros2_ws/install/double_pendulum_arm/share/double_pendulum_arm/package.xml
[1.562s] DEBUG:colcon.colcon_core.task.python.build:While undoing a previous installation files outside the Python library path are being ignored: /media/sns/Study/1_RME/Ros2/ros2_ws/install/double_pendulum_arm/share/double_pendulum_arm/launch/display.launch.py
[1.562s] DEBUG:colcon.colcon_core.task.python.build:While undoing a previous installation files outside the Python library path are being ignored: /media/sns/Study/1_RME/Ros2/ros2_ws/install/double_pendulum_arm/share/double_pendulum_arm/urdf/robot.urdf.xacro
[1.562s] DEBUG:colcon.colcon_core.task.python.build:While undoing a previous installation files outside the Python library path are being ignored: /media/sns/Study/1_RME/Ros2/ros2_ws/install/double_pendulum_arm/share/double_pendulum_arm/rviz/view_robot.rviz
[1.565s] DEBUG:colcon.colcon_core.event_handler.log_command:Invoking command in '/media/sns/Study/1_RME/Ros2/ros2_ws/build/double_pendulum_arm': CONDA_PROMPT_MODIFIER=(base) DEBUGINFOD_URLS=https://debuginfod.ubuntu.com PYTHONPATH=/media/sns/Study/1_RME/Ros2/ros2_ws/build/double_pendulum_arm/prefix_override:/usr/lib/python3/dist-packages/colcon_core/task/python/colcon_distutils_commands:/media/sns/Study/1_RME/Ros2/ros2_ws/install/double_pendulum_arm/lib/python3.12/site-packages:${PYTHONPATH} /usr/bin/python3 -W ignore:setup.py install is deprecated -W ignore:easy_install command is deprecated setup.py develop --editable --build-directory /media/sns/Study/1_RME/Ros2/ros2_ws/build/double_pendulum_arm/build --no-deps symlink_data --force
[1.590s] DEBUG:colcon.colcon_core.task.python.build:While undoing a previous installation files outside the Python library path are being ignored: /media/sns/Study/1_RME/Ros2/ros2_ws/install/qos_demo/share/ament_index/resource_index/packages/qos_demo
[1.590s] DEBUG:colcon.colcon_core.task.python.build:While undoing a previous installation files outside the Python library path are being ignored: /media/sns/Study/1_RME/Ros2/ros2_ws/install/qos_demo/share/qos_demo/package.xml
[1.591s] DEBUG:colcon.colcon_core.task.python.build:While undoing a previous installation files outside the Python library path are being ignored: /media/sns/Study/1_RME/Ros2/ros2_ws/install/qos_demo/lib/qos_demo/publisher
[1.591s] DEBUG:colcon.colcon_core.task.python.build:While undoing a previous installation files outside the Python library path are being ignored: /media/sns/Study/1_RME/Ros2/ros2_ws/install/qos_demo/lib/qos_demo/subscriber
[1.593s] DEBUG:colcon.colcon_core.event_handler.log_command:Invoking command in '/media/sns/Study/1_RME/Ros2/ros2_ws/build/qos_demo': CONDA_PROMPT_MODIFIER=(base) DEBUGINFOD_URLS=https://debuginfod.ubuntu.com PYTHONPATH=/media/sns/Study/1_RME/Ros2/ros2_ws/build/qos_demo/prefix_override:/usr/lib/python3/dist-packages/colcon_core/task/python/colcon_distutils_commands:/media/sns/Study/1_RME/Ros2/ros2_ws/install/qos_demo/lib/python3.12/site-packages:${PYTHONPATH} /usr/bin/python3 -W ignore:setup.py install is deprecated -W ignore:easy_install command is deprecated setup.py develop --editable --build-directory /media/sns/Study/1_RME/Ros2/ros2_ws/build/qos_demo/build --no-deps symlink_data --force
[1.669s] DEBUG:colcon.colcon_core.task.python.build:While undoing a previous installation files outside the Python library path are being ignored: /media/sns/Study/1_RME/Ros2/ros2_ws/install/my_robot_description/share/ament_index/resource_index/packages/my_robot_description
[1.669s] DEBUG:colcon.colcon_core.task.python.build:While undoing a previous installation files outside the Python library path are being ignored: /media/sns/Study/1_RME/Ros2/ros2_ws/install/my_robot_description/share/my_robot_description/package.xml
[1.669s] DEBUG:colcon.colcon_core.task.python.build:While undoing a previous installation files outside the Python library path are being ignored: /media/sns/Study/1_RME/Ros2/ros2_ws/install/my_robot_description/share/my_robot_description/launch/display.launch.py
[1.669s] DEBUG:colcon.colcon_core.task.python.build:While undoing a previous installation files outside the Python library path are being ignored: /media/sns/Study/1_RME/Ros2/ros2_ws/install/my_robot_description/share/my_robot_description/urdf/robot.urdf.xacro
[1.669s] DEBUG:colcon.colcon_core.task.python.build:While undoing a previous installation files outside the Python library path are being ignored: /media/sns/Study/1_RME/Ros2/ros2_ws/install/my_robot_description/share/my_robot_description/rviz/view_robot.rviz
[1.671s] DEBUG:colcon.colcon_core.event_handler.log_command:Invoking command in '/media/sns/Study/1_RME/Ros2/ros2_ws/build/my_robot_description': CONDA_PROMPT_MODIFIER=(base) DEBUGINFOD_URLS=https://debuginfod.ubuntu.com PYTHONPATH=/media/sns/Study/1_RME/Ros2/ros2_ws/build/my_robot_description/prefix_override:/usr/lib/python3/dist-packages/colcon_core/task/python/colcon_distutils_commands:/media/sns/Study/1_RME/Ros2/ros2_ws/install/my_robot_description/lib/python3.12/site-packages:${PYTHONPATH} /usr/bin/python3 -W ignore:setup.py install is deprecated -W ignore:easy_install command is deprecated setup.py develop --editable --build-directory /media/sns/Study/1_RME/Ros2/ros2_ws/build/my_robot_description/build --no-deps symlink_data --force
[1.686s] DEBUG:colcon.colcon_core.event_handler.log_command:Invoking command in '/media/sns/Study/1_RME/Ros2/ros2_ws/build/triple-pendulum': CONDA_PROMPT_MODIFIER=(base) DEBUGINFOD_URLS=https://debuginfod.ubuntu.com PYTHONPATH=/media/sns/Study/1_RME/Ros2/ros2_ws/build/triple-pendulum/prefix_override:/usr/lib/python3/dist-packages/colcon_core/task/python/colcon_distutils_commands:/media/sns/Study/1_RME/Ros2/ros2_ws/install/triple-pendulum/lib/python3.12/site-packages:${PYTHONPATH} /usr/bin/python3 -W ignore:setup.py install is deprecated -W ignore:easy_install command is deprecated setup.py develop --editable --build-directory /media/sns/Study/1_RME/Ros2/ros2_ws/build/triple-pendulum/build --no-deps symlink_data
[1.718s] DEBUG:colcon.colcon_core.task.python.build:While undoing a previous installation files outside the Python library path are being ignored: /media/sns/Study/1_RME/Ros2/ros2_ws/install/nodes_topics_demo/share/ament_index/resource_index/packages/nodes_topics_demo
[1.718s] DEBUG:colcon.colcon_core.task.python.build:While undoing a previous installation files outside the Python library path are being ignored: /media/sns/Study/1_RME/Ros2/ros2_ws/install/nodes_topics_demo/share/nodes_topics_demo/package.xml
[1.718s] DEBUG:colcon.colcon_core.task.python.build:While undoing a previous installation files outside the Python library path are being ignored: /media/sns/Study/1_RME/Ros2/ros2_ws/install/nodes_topics_demo/lib/nodes_topics_demo/number_publisher
[1.718s] DEBUG:colcon.colcon_core.task.python.build:While undoing a previous installation files outside the Python library path are being ignored: /media/sns/Study/1_RME/Ros2/ros2_ws/install/nodes_topics_demo/lib/nodes_topics_demo/number_subscriber
[1.720s] DEBUG:colcon.colcon_core.event_handler.log_command:Invoking command in '/media/sns/Study/1_RME/Ros2/ros2_ws/build/nodes_topics_demo': CONDA_PROMPT_MODIFIER=(base) DEBUGINFOD_URLS=https://debuginfod.ubuntu.com PYTHONPATH=/media/sns/Study/1_RME/Ros2/ros2_ws/build/nodes_topics_demo/prefix_override:/usr/lib/python3/dist-packages/colcon_core/task/python/colcon_distutils_commands:/media/sns/Study/1_RME/Ros2/ros2_ws/install/nodes_topics_demo/lib/python3.12/site-packages:${PYTHONPATH} /usr/bin/python3 -W ignore:setup.py install is deprecated -W ignore:easy_install command is deprecated setup.py develop --editable --build-directory /media/sns/Study/1_RME/Ros2/ros2_ws/build/nodes_topics_demo/build --no-deps symlink_data --force
[2.142s] Level 1:colcon.colcon_core.shell:create_environment_hook('double_pendulum_arm', 'pythonpath_develop')
[2.142s] INFO:colcon.colcon_core.shell:Creating environment hook '/media/sns/Study/1_RME/Ros2/ros2_ws/build/double_pendulum_arm/share/double_pendulum_arm/hook/pythonpath_develop.ps1'
[2.142s] DEBUG:colcon.colcon_core.event_handler.log_command:Invoked command in '/media/sns/Study/1_RME/Ros2/ros2_ws/build/double_pendulum_arm' returned '0': CONDA_PROMPT_MODIFIER=(base) DEBUGINFOD_URLS=https://debuginfod.ubuntu.com PYTHONPATH=/media/sns/Study/1_RME/Ros2/ros2_ws/build/double_pendulum_arm/prefix_override:/usr/lib/python3/dist-packages/colcon_core/task/python/colcon_distutils_commands:/media/sns/Study/1_RME/Ros2/ros2_ws/install/double_pendulum_arm/lib/python3.12/site-packages:${PYTHONPATH} /usr/bin/python3 -W ignore:setup.py install is deprecated -W ignore:easy_install command is deprecated setup.py develop --editable --build-directory /media/sns/Study/1_RME/Ros2/ros2_ws/build/double_pendulum_arm/build --no-deps symlink_data --force
[2.143s] INFO:colcon.colcon_core.shell:Creating environment descriptor '/media/sns/Study/1_RME/Ros2/ros2_ws/build/double_pendulum_arm/share/double_pendulum_arm/hook/pythonpath_develop.dsv'
[2.143s] INFO:colcon.colcon_core.shell:Creating environment hook '/media/sns/Study/1_RME/Ros2/ros2_ws/build/double_pendulum_arm/share/double_pendulum_arm/hook/pythonpath_develop.sh'
[2.146s] Level 1:colcon.colcon_core.environment:checking '/media/sns/Study/1_RME/Ros2/ros2_ws/install/double_pendulum_arm' for CMake module files
[2.146s] Level 1:colcon.colcon_core.environment:checking '/media/sns/Study/1_RME/Ros2/ros2_ws/install/double_pendulum_arm' for CMake config files
[2.147s] Level 1:colcon.colcon_core.environment:checking '/media/sns/Study/1_RME/Ros2/ros2_ws/install/double_pendulum_arm/lib'
[2.147s] Level 1:colcon.colcon_core.environment:checking '/media/sns/Study/1_RME/Ros2/ros2_ws/install/double_pendulum_arm/bin'
[2.148s] Level 1:colcon.colcon_core.environment:checking '/media/sns/Study/1_RME/Ros2/ros2_ws/install/double_pendulum_arm/lib/pkgconfig/double_pendulum_arm.pc'
[2.148s] Level 1:colcon.colcon_core.environment:checking '/media/sns/Study/1_RME/Ros2/ros2_ws/install/double_pendulum_arm/lib/python3.12/site-packages'
[2.148s] Level 1:colcon.colcon_core.shell:create_environment_hook('double_pendulum_arm', 'pythonpath')
[2.148s] INFO:colcon.colcon_core.shell:Creating environment hook '/media/sns/Study/1_RME/Ros2/ros2_ws/install/double_pendulum_arm/share/double_pendulum_arm/hook/pythonpath.ps1'
[2.149s] INFO:colcon.colcon_core.shell:Creating environment descriptor '/media/sns/Study/1_RME/Ros2/ros2_ws/install/double_pendulum_arm/share/double_pendulum_arm/hook/pythonpath.dsv'
[2.150s] INFO:colcon.colcon_core.shell:Creating environment hook '/media/sns/Study/1_RME/Ros2/ros2_ws/install/double_pendulum_arm/share/double_pendulum_arm/hook/pythonpath.sh'
[2.150s] Level 1:colcon.colcon_core.environment:checking '/media/sns/Study/1_RME/Ros2/ros2_ws/install/double_pendulum_arm/bin'
[2.150s] Level 1:colcon.colcon_core.environment:create_environment_scripts_only(double_pendulum_arm)
[2.151s] INFO:colcon.colcon_core.shell:Creating package script '/media/sns/Study/1_RME/Ros2/ros2_ws/install/double_pendulum_arm/share/double_pendulum_arm/package.ps1'
[2.152s] INFO:colcon.colcon_core.shell:Creating package descriptor '/media/sns/Study/1_RME/Ros2/ros2_ws/install/double_pendulum_arm/share/double_pendulum_arm/package.dsv'
[2.152s] INFO:colcon.colcon_core.shell:Creating package script '/media/sns/Study/1_RME/Ros2/ros2_ws/install/double_pendulum_arm/share/double_pendulum_arm/package.sh'
[2.153s] INFO:colcon.colcon_core.shell:Creating package script '/media/sns/Study/1_RME/Ros2/ros2_ws/install/double_pendulum_arm/share/double_pendulum_arm/package.bash'
[2.154s] INFO:colcon.colcon_core.shell:Creating package script '/media/sns/Study/1_RME/Ros2/ros2_ws/install/double_pendulum_arm/share/double_pendulum_arm/package.zsh'
[2.154s] Level 1:colcon.colcon_core.environment:create_file_with_runtime_dependencies(/media/sns/Study/1_RME/Ros2/ros2_ws/install/double_pendulum_arm/share/colcon-core/packages/double_pendulum_arm)
[2.157s] Level 1:colcon.colcon_core.shell:create_environment_hook('qos_demo', 'pythonpath_develop')
[2.157s] INFO:colcon.colcon_core.shell:Creating environment hook '/media/sns/Study/1_RME/Ros2/ros2_ws/build/qos_demo/share/qos_demo/hook/pythonpath_develop.ps1'
[2.157s] DEBUG:colcon.colcon_core.event_handler.log_command:Invoked command in '/media/sns/Study/1_RME/Ros2/ros2_ws/build/qos_demo' returned '0': CONDA_PROMPT_MODIFIER=(base) DEBUGINFOD_URLS=https://debuginfod.ubuntu.com PYTHONPATH=/media/sns/Study/1_RME/Ros2/ros2_ws/build/qos_demo/prefix_override:/usr/lib/python3/dist-packages/colcon_core/task/python/colcon_distutils_commands:/media/sns/Study/1_RME/Ros2/ros2_ws/install/qos_demo/lib/python3.12/site-packages:${PYTHONPATH} /usr/bin/python3 -W ignore:setup.py install is deprecated -W ignore:easy_install command is deprecated setup.py develop --editable --build-directory /media/sns/Study/1_RME/Ros2/ros2_ws/build/qos_demo/build --no-deps symlink_data --force
[2.159s] INFO:colcon.colcon_core.shell:Creating environment descriptor '/media/sns/Study/1_RME/Ros2/ros2_ws/build/qos_demo/share/qos_demo/hook/pythonpath_develop.dsv'
[2.160s] INFO:colcon.colcon_core.shell:Creating environment hook '/media/sns/Study/1_RME/Ros2/ros2_ws/build/qos_demo/share/qos_demo/hook/pythonpath_develop.sh'
[2.161s] Level 1:colcon.colcon_core.environment:checking '/media/sns/Study/1_RME/Ros2/ros2_ws/install/qos_demo' for CMake module files
[2.162s] Level 1:colcon.colcon_core.environment:checking '/media/sns/Study/1_RME/Ros2/ros2_ws/install/qos_demo' for CMake config files
[2.162s] Level 1:colcon.colcon_core.environment:checking '/media/sns/Study/1_RME/Ros2/ros2_ws/install/qos_demo/lib'
[2.162s] Level 1:colcon.colcon_core.environment:checking '/media/sns/Study/1_RME/Ros2/ros2_ws/install/qos_demo/bin'
[2.162s] Level 1:colcon.colcon_core.environment:checking '/media/sns/Study/1_RME/Ros2/ros2_ws/install/qos_demo/lib/pkgconfig/qos_demo.pc'
[2.163s] Level 1:colcon.colcon_core.environment:checking '/media/sns/Study/1_RME/Ros2/ros2_ws/install/qos_demo/lib/python3.12/site-packages'
[2.163s] Level 1:colcon.colcon_core.shell:create_environment_hook('qos_demo', 'pythonpath')
[2.163s] INFO:colcon.colcon_core.shell:Creating environment hook '/media/sns/Study/1_RME/Ros2/ros2_ws/install/qos_demo/share/qos_demo/hook/pythonpath.ps1'
[2.164s] INFO:colcon.colcon_core.shell:Creating environment descriptor '/media/sns/Study/1_RME/Ros2/ros2_ws/install/qos_demo/share/qos_demo/hook/pythonpath.dsv'
[2.164s] INFO:colcon.colcon_core.shell:Creating environment hook '/media/sns/Study/1_RME/Ros2/ros2_ws/install/qos_demo/share/qos_demo/hook/pythonpath.sh'
[2.165s] Level 1:colcon.colcon_core.environment:checking '/media/sns/Study/1_RME/Ros2/ros2_ws/install/qos_demo/bin'
[2.165s] Level 1:colcon.colcon_core.environment:create_environment_scripts_only(qos_demo)
[2.166s] INFO:colcon.colcon_core.shell:Creating package script '/media/sns/Study/1_RME/Ros2/ros2_ws/install/qos_demo/share/qos_demo/package.ps1'
[2.166s] INFO:colcon.colcon_core.shell:Creating package descriptor '/media/sns/Study/1_RME/Ros2/ros2_ws/install/qos_demo/share/qos_demo/package.dsv'
[2.167s] INFO:colcon.colcon_core.shell:Creating package script '/media/sns/Study/1_RME/Ros2/ros2_ws/install/qos_demo/share/qos_demo/package.sh'
[2.167s] INFO:colcon.colcon_core.shell:Creating package script '/media/sns/Study/1_RME/Ros2/ros2_ws/install/qos_demo/share/qos_demo/package.bash'
[2.168s] INFO:colcon.colcon_core.shell:Creating package script '/media/sns/Study/1_RME/Ros2/ros2_ws/install/qos_demo/share/qos_demo/package.zsh'
[2.168s] Level 1:colcon.colcon_core.environment:create_file_with_runtime_dependencies(/media/sns/Study/1_RME/Ros2/ros2_ws/install/qos_demo/share/colcon-core/packages/qos_demo)
[2.240s] Level 1:colcon.colcon_core.shell:create_environment_hook('triple-pendulum', 'pythonpath_develop')
[2.241s] INFO:colcon.colcon_core.shell:Creating environment hook '/media/sns/Study/1_RME/Ros2/ros2_ws/build/triple-pendulum/share/triple-pendulum/hook/pythonpath_develop.ps1'
[2.241s] DEBUG:colcon.colcon_core.event_handler.log_command:Invoked command in '/media/sns/Study/1_RME/Ros2/ros2_ws/build/triple-pendulum' returned '0': CONDA_PROMPT_MODIFIER=(base) DEBUGINFOD_URLS=https://debuginfod.ubuntu.com PYTHONPATH=/media/sns/Study/1_RME/Ros2/ros2_ws/build/triple-pendulum/prefix_override:/usr/lib/python3/dist-packages/colcon_core/task/python/colcon_distutils_commands:/media/sns/Study/1_RME/Ros2/ros2_ws/install/triple-pendulum/lib/python3.12/site-packages:${PYTHONPATH} /usr/bin/python3 -W ignore:setup.py install is deprecated -W ignore:easy_install command is deprecated setup.py develop --editable --build-directory /media/sns/Study/1_RME/Ros2/ros2_ws/build/triple-pendulum/build --no-deps symlink_data
[2.242s] INFO:colcon.colcon_core.shell:Creating environment descriptor '/media/sns/Study/1_RME/Ros2/ros2_ws/build/triple-pendulum/share/triple-pendulum/hook/pythonpath_develop.dsv'
[2.243s] INFO:colcon.colcon_core.shell:Creating environment hook '/media/sns/Study/1_RME/Ros2/ros2_ws/build/triple-pendulum/share/triple-pendulum/hook/pythonpath_develop.sh'
[2.243s] Level 1:colcon.colcon_core.environment:checking '/media/sns/Study/1_RME/Ros2/ros2_ws/install/triple-pendulum' for CMake module files
[2.244s] Level 1:colcon.colcon_core.environment:checking '/media/sns/Study/1_RME/Ros2/ros2_ws/install/triple-pendulum' for CMake config files
[2.244s] Level 1:colcon.colcon_core.environment:checking '/media/sns/Study/1_RME/Ros2/ros2_ws/install/triple-pendulum/lib'
[2.244s] Level 1:colcon.colcon_core.environment:checking '/media/sns/Study/1_RME/Ros2/ros2_ws/install/triple-pendulum/bin'
[2.244s] Level 1:colcon.colcon_core.environment:checking '/media/sns/Study/1_RME/Ros2/ros2_ws/install/triple-pendulum/lib/pkgconfig/triple-pendulum.pc'
[2.244s] Level 1:colcon.colcon_core.environment:checking '/media/sns/Study/1_RME/Ros2/ros2_ws/install/triple-pendulum/lib/python3.12/site-packages'
[2.244s] Level 1:colcon.colcon_core.shell:create_environment_hook('triple-pendulum', 'pythonpath')
[2.244s] INFO:colcon.colcon_core.shell:Creating environment hook '/media/sns/Study/1_RME/Ros2/ros2_ws/install/triple-pendulum/share/triple-pendulum/hook/pythonpath.ps1'
[2.245s] INFO:colcon.colcon_core.shell:Creating environment descriptor '/media/sns/Study/1_RME/Ros2/ros2_ws/install/triple-pendulum/share/triple-pendulum/hook/pythonpath.dsv'
[2.245s] INFO:colcon.colcon_core.shell:Creating environment hook '/media/sns/Study/1_RME/Ros2/ros2_ws/install/triple-pendulum/share/triple-pendulum/hook/pythonpath.sh'
[2.246s] Level 1:colcon.colcon_core.environment:checking '/media/sns/Study/1_RME/Ros2/ros2_ws/install/triple-pendulum/bin'
[2.246s] Level 1:colcon.colcon_core.environment:create_environment_scripts_only(triple-pendulum)
[2.246s] INFO:colcon.colcon_core.shell:Creating package script '/media/sns/Study/1_RME/Ros2/ros2_ws/install/triple-pendulum/share/triple-pendulum/package.ps1'
[2.246s] INFO:colcon.colcon_core.shell:Creating package descriptor '/media/sns/Study/1_RME/Ros2/ros2_ws/install/triple-pendulum/share/triple-pendulum/package.dsv'
[2.247s] INFO:colcon.colcon_core.shell:Creating package script '/media/sns/Study/1_RME/Ros2/ros2_ws/install/triple-pendulum/share/triple-pendulum/package.sh'
[2.247s] INFO:colcon.colcon_core.shell:Creating package script '/media/sns/Study/1_RME/Ros2/ros2_ws/install/triple-pendulum/share/triple-pendulum/package.bash'
[2.248s] INFO:colcon.colcon_core.shell:Creating package script '/media/sns/Study/1_RME/Ros2/ros2_ws/install/triple-pendulum/share/triple-pendulum/package.zsh'
[2.248s] Level 1:colcon.colcon_core.environment:create_file_with_runtime_dependencies(/media/sns/Study/1_RME/Ros2/ros2_ws/install/triple-pendulum/share/colcon-core/packages/triple-pendulum)
[2.425s] Level 1:colcon.colcon_core.shell:create_environment_hook('my_robot_description', 'pythonpath_develop')
[2.425s] INFO:colcon.colcon_core.shell:Creating environment hook '/media/sns/Study/1_RME/Ros2/ros2_ws/build/my_robot_description/share/my_robot_description/hook/pythonpath_develop.ps1'
[2.425s] DEBUG:colcon.colcon_core.event_handler.log_command:Invoked command in '/media/sns/Study/1_RME/Ros2/ros2_ws/build/my_robot_description' returned '0': CONDA_PROMPT_MODIFIER=(base) DEBUGINFOD_URLS=https://debuginfod.ubuntu.com PYTHONPATH=/media/sns/Study/1_RME/Ros2/ros2_ws/build/my_robot_description/prefix_override:/usr/lib/python3/dist-packages/colcon_core/task/python/colcon_distutils_commands:/media/sns/Study/1_RME/Ros2/ros2_ws/install/my_robot_description/lib/python3.12/site-packages:${PYTHONPATH} /usr/bin/python3 -W ignore:setup.py install is deprecated -W ignore:easy_install command is deprecated setup.py develop --editable --build-directory /media/sns/Study/1_RME/Ros2/ros2_ws/build/my_robot_description/build --no-deps symlink_data --force
[2.426s] INFO:colcon.colcon_core.shell:Creating environment descriptor '/media/sns/Study/1_RME/Ros2/ros2_ws/build/my_robot_description/share/my_robot_description/hook/pythonpath_develop.dsv'
[2.426s] INFO:colcon.colcon_core.shell:Creating environment hook '/media/sns/Study/1_RME/Ros2/ros2_ws/build/my_robot_description/share/my_robot_description/hook/pythonpath_develop.sh'
[2.426s] Level 1:colcon.colcon_core.environment:checking '/media/sns/Study/1_RME/Ros2/ros2_ws/install/my_robot_description' for CMake module files
[2.427s] Level 1:colcon.colcon_core.environment:checking '/media/sns/Study/1_RME/Ros2/ros2_ws/install/my_robot_description' for CMake config files
[2.427s] Level 1:colcon.colcon_core.environment:checking '/media/sns/Study/1_RME/Ros2/ros2_ws/install/my_robot_description/lib'
[2.427s] Level 1:colcon.colcon_core.environment:checking '/media/sns/Study/1_RME/Ros2/ros2_ws/install/my_robot_description/bin'
[2.427s] Level 1:colcon.colcon_core.environment:checking '/media/sns/Study/1_RME/Ros2/ros2_ws/install/my_robot_description/lib/pkgconfig/my_robot_description.pc'
[2.427s] Level 1:colcon.colcon_core.environment:checking '/media/sns/Study/1_RME/Ros2/ros2_ws/install/my_robot_description/lib/python3.12/site-packages'
[2.427s] Level 1:colcon.colcon_core.shell:create_environment_hook('my_robot_description', 'pythonpath')
[2.427s] INFO:colcon.colcon_core.shell:Creating environment hook '/media/sns/Study/1_RME/Ros2/ros2_ws/install/my_robot_description/share/my_robot_description/hook/pythonpath.ps1'
[2.428s] INFO:colcon.colcon_core.shell:Creating environment descriptor '/media/sns/Study/1_RME/Ros2/ros2_ws/install/my_robot_description/share/my_robot_description/hook/pythonpath.dsv'
[2.428s] INFO:colcon.colcon_core.shell:Creating environment hook '/media/sns/Study/1_RME/Ros2/ros2_ws/install/my_robot_description/share/my_robot_description/hook/pythonpath.sh'
[2.428s] Level 1:colcon.colcon_core.environment:checking '/media/sns/Study/1_RME/Ros2/ros2_ws/install/my_robot_description/bin'
[2.428s] Level 1:colcon.colcon_core.environment:create_environment_scripts_only(my_robot_description)
[2.428s] INFO:colcon.colcon_core.shell:Creating package script '/media/sns/Study/1_RME/Ros2/ros2_ws/install/my_robot_description/share/my_robot_description/package.ps1'
[2.429s] INFO:colcon.colcon_core.shell:Creating package descriptor '/media/sns/Study/1_RME/Ros2/ros2_ws/install/my_robot_description/share/my_robot_description/package.dsv'
[2.429s] INFO:colcon.colcon_core.shell:Creating package script '/media/sns/Study/1_RME/Ros2/ros2_ws/install/my_robot_description/share/my_robot_description/package.sh'
[2.429s] INFO:colcon.colcon_core.shell:Creating package script '/media/sns/Study/1_RME/Ros2/ros2_ws/install/my_robot_description/share/my_robot_description/package.bash'
[2.429s] INFO:colcon.colcon_core.shell:Creating package script '/media/sns/Study/1_RME/Ros2/ros2_ws/install/my_robot_description/share/my_robot_description/package.zsh'
[2.430s] Level 1:colcon.colcon_core.environment:create_file_with_runtime_dependencies(/media/sns/Study/1_RME/Ros2/ros2_ws/install/my_robot_description/share/colcon-core/packages/my_robot_description)
[2.449s] Level 1:colcon.colcon_core.shell:create_environment_hook('nodes_topics_demo', 'pythonpath_develop')
[2.450s] INFO:colcon.colcon_core.shell:Creating environment hook '/media/sns/Study/1_RME/Ros2/ros2_ws/build/nodes_topics_demo/share/nodes_topics_demo/hook/pythonpath_develop.ps1'
[2.450s] DEBUG:colcon.colcon_core.event_handler.log_command:Invoked command in '/media/sns/Study/1_RME/Ros2/ros2_ws/build/nodes_topics_demo' returned '0': CONDA_PROMPT_MODIFIER=(base) DEBUGINFOD_URLS=https://debuginfod.ubuntu.com PYTHONPATH=/media/sns/Study/1_RME/Ros2/ros2_ws/build/nodes_topics_demo/prefix_override:/usr/lib/python3/dist-packages/colcon_core/task/python/colcon_distutils_commands:/media/sns/Study/1_RME/Ros2/ros2_ws/install/nodes_topics_demo/lib/python3.12/site-packages:${PYTHONPATH} /usr/bin/python3 -W ignore:setup.py install is deprecated -W ignore:easy_install command is deprecated setup.py develop --editable --build-directory /media/sns/Study/1_RME/Ros2/ros2_ws/build/nodes_topics_demo/build --no-deps symlink_data --force
[2.451s] INFO:colcon.colcon_core.shell:Creating environment descriptor '/media/sns/Study/1_RME/Ros2/ros2_ws/build/nodes_topics_demo/share/nodes_topics_demo/hook/pythonpath_develop.dsv'
[2.452s] INFO:colcon.colcon_core.shell:Creating environment hook '/media/sns/Study/1_RME/Ros2/ros2_ws/build/nodes_topics_demo/share/nodes_topics_demo/hook/pythonpath_develop.sh'
[2.452s] Level 1:colcon.colcon_core.environment:checking '/media/sns/Study/1_RME/Ros2/ros2_ws/install/nodes_topics_demo' for CMake module files
[2.452s] Level 1:colcon.colcon_core.environment:checking '/media/sns/Study/1_RME/Ros2/ros2_ws/install/nodes_topics_demo' for CMake config files
[2.452s] Level 1:colcon.colcon_core.environment:checking '/media/sns/Study/1_RME/Ros2/ros2_ws/install/nodes_topics_demo/lib'
[2.452s] Level 1:colcon.colcon_core.environment:checking '/media/sns/Study/1_RME/Ros2/ros2_ws/install/nodes_topics_demo/bin'
[2.452s] Level 1:colcon.colcon_core.environment:checking '/media/sns/Study/1_RME/Ros2/ros2_ws/install/nodes_topics_demo/lib/pkgconfig/nodes_topics_demo.pc'
[2.453s] Level 1:colcon.colcon_core.environment:checking '/media/sns/Study/1_RME/Ros2/ros2_ws/install/nodes_topics_demo/lib/python3.12/site-packages'
[2.453s] Level 1:colcon.colcon_core.shell:create_environment_hook('nodes_topics_demo', 'pythonpath')
[2.453s] INFO:colcon.colcon_core.shell:Creating environment hook '/media/sns/Study/1_RME/Ros2/ros2_ws/install/nodes_topics_demo/share/nodes_topics_demo/hook/pythonpath.ps1'
[2.453s] INFO:colcon.colcon_core.shell:Creating environment descriptor '/media/sns/Study/1_RME/Ros2/ros2_ws/install/nodes_topics_demo/share/nodes_topics_demo/hook/pythonpath.dsv'
[2.453s] INFO:colcon.colcon_core.shell:Creating environment hook '/media/sns/Study/1_RME/Ros2/ros2_ws/install/nodes_topics_demo/share/nodes_topics_demo/hook/pythonpath.sh'
[2.453s] Level 1:colcon.colcon_core.environment:checking '/media/sns/Study/1_RME/Ros2/ros2_ws/install/nodes_topics_demo/bin'
[2.453s] Level 1:colcon.colcon_core.environment:create_environment_scripts_only(nodes_topics_demo)
[2.454s] INFO:colcon.colcon_core.shell:Creating package script '/media/sns/Study/1_RME/Ros2/ros2_ws/install/nodes_topics_demo/share/nodes_topics_demo/package.ps1'
[2.454s] INFO:colcon.colcon_core.shell:Creating package descriptor '/media/sns/Study/1_RME/Ros2/ros2_ws/install/nodes_topics_demo/share/nodes_topics_demo/package.dsv'
[2.454s] INFO:colcon.colcon_core.shell:Creating package script '/media/sns/Study/1_RME/Ros2/ros2_ws/install/nodes_topics_demo/share/nodes_topics_demo/package.sh'
[2.454s] INFO:colcon.colcon_core.shell:Creating package script '/media/sns/Study/1_RME/Ros2/ros2_ws/install/nodes_topics_demo/share/nodes_topics_demo/package.bash'
[2.454s] INFO:colcon.colcon_core.shell:Creating package script '/media/sns/Study/1_RME/Ros2/ros2_ws/install/nodes_topics_demo/share/nodes_topics_demo/package.zsh'
[2.455s] Level 1:colcon.colcon_core.environment:create_file_with_runtime_dependencies(/media/sns/Study/1_RME/Ros2/ros2_ws/install/nodes_topics_demo/share/colcon-core/packages/nodes_topics_demo)
[2.455s] DEBUG:colcon.colcon_parallel_executor.executor.parallel:closing loop
[2.455s] DEBUG:colcon.colcon_parallel_executor.executor.parallel:loop closed
[2.455s] DEBUG:colcon.colcon_parallel_executor.executor.parallel:run_until_complete finished with '0'
[2.455s] DEBUG:colcon.colcon_core.event_reactor:joining thread
[2.459s] INFO:colcon.colcon_core.plugin_system:Skipping extension 'colcon_notification.desktop_notification.terminal_notifier': Not used on non-Darwin systems
[2.459s] INFO:colcon.colcon_core.plugin_system:Skipping extension 'colcon_notification.desktop_notification.win32': Not used on non-Windows systems
[2.459s] INFO:colcon.colcon_notification.desktop_notification:Sending desktop notification using 'notify2'
[2.474s] DEBUG:colcon.colcon_core.event_reactor:joined thread
[2.474s] INFO:colcon.colcon_core.shell:Creating prefix script '/media/sns/Study/1_RME/Ros2/ros2_ws/install/local_setup.ps1'
[2.475s] INFO:colcon.colcon_core.shell:Creating prefix util module '/media/sns/Study/1_RME/Ros2/ros2_ws/install/_local_setup_util_ps1.py'
[2.475s] INFO:colcon.colcon_core.shell:Creating prefix chain script '/media/sns/Study/1_RME/Ros2/ros2_ws/install/setup.ps1'
[2.476s] INFO:colcon.colcon_core.shell:Creating prefix script '/media/sns/Study/1_RME/Ros2/ros2_ws/install/local_setup.sh'
[2.476s] INFO:colcon.colcon_core.shell:Creating prefix util module '/media/sns/Study/1_RME/Ros2/ros2_ws/install/_local_setup_util_sh.py'
[2.476s] INFO:colcon.colcon_core.shell:Creating prefix chain script '/media/sns/Study/1_RME/Ros2/ros2_ws/install/setup.sh'
[2.477s] INFO:colcon.colcon_core.shell:Creating prefix script '/media/sns/Study/1_RME/Ros2/ros2_ws/install/local_setup.bash'
[2.477s] INFO:colcon.colcon_core.shell:Creating prefix chain script '/media/sns/Study/1_RME/Ros2/ros2_ws/install/setup.bash'
[2.478s] INFO:colcon.colcon_core.shell:Creating prefix script '/media/sns/Study/1_RME/Ros2/ros2_ws/install/local_setup.zsh'
[2.478s] INFO:colcon.colcon_core.shell:Creating prefix chain script '/media/sns/Study/1_RME/Ros2/ros2_ws/install/setup.zsh'
